Log file open, 04/22/22 18:19:46
LogWindows: Failed to load 'aqProf.dll' (GetLastError=126)
LogWindows: File 'aqProf.dll' does not exist
LogWindows: Failed to load 'VtuneApi.dll' (GetLastError=126)
LogWindows: File 'VtuneApi.dll' does not exist
LogWindows: Failed to load 'VtuneApi32e.dll' (GetLastError=126)
LogWindows: File 'VtuneApi32e.dll' does not exist
LogConsoleResponse: Display: Failed to find resolution value strings in scalability ini. Falling back to default.
LogConsoleResponse: Display: Failed to find resolution value strings in scalability ini. Falling back to default.
LogInit: Display: Running engine for game: UnrealFetchDevApp
LogPlatformFile: Not using cached read wrapper
LogTaskGraph: Started task graph with 5 named threads and 11 total threads with 3 sets of task threads.
LogStats: Stats thread started at 0.441646
LogICUInternationalization: ICU TimeZone Detection - Raw Offset: +9:00, Platform Override: ''
LogInit: Display: Loading text-based GConfig....
LogPluginManager: Warning: Plugin 'Fetch' is not compatible with the current engine version (4.26.0)
Message dialog closed, result: Yes, title: 'Fetch' is Incompatible, text: The 'Fetch' plugin was designed for build 4.26.0. Attempt to load it anyway?
LogPluginManager: Mounting plugin MeshPainting
LogPluginManager: Mounting plugin XGEController
LogPluginManager: Mounting plugin Paper2D
LogPluginManager: Mounting plugin AISupport
LogPluginManager: Mounting plugin EnvironmentQueryEditor
LogPluginManager: Mounting plugin LiveLink
LogPluginManager: Mounting plugin LightPropagationVolume
LogPluginManager: Mounting plugin CameraShakePreviewer
LogPluginManager: Mounting plugin GameplayCameras
LogPluginManager: Mounting plugin AnimationSharing
LogPluginManager: Mounting plugin CLionSourceCodeAccess
LogPluginManager: Mounting plugin CodeLiteSourceCodeAccess
LogPluginManager: Mounting plugin GitSourceControl
LogPluginManager: Mounting plugin OodleData
LogPluginManager: Mounting plugin KDevelopSourceCodeAccess
LogPluginManager: Mounting plugin NullSourceCodeAccess
LogPluginManager: Mounting plugin OodleNetwork
LogPluginManager: Mounting plugin PerforceSourceControl
LogPluginManager: Mounting plugin PlasticSourceControl
LogPluginManager: Mounting plugin PixWinPlugin
LogPluginManager: Mounting plugin PluginUtils
LogPluginManager: Mounting plugin PropertyAccessNode
LogPluginManager: Mounting plugin RiderSourceCodeAccess
LogPluginManager: Mounting plugin TextureFormatOodle
LogPluginManager: Mounting plugin SubversionSourceControl
LogPluginManager: Mounting plugin UObjectPlugin
LogPluginManager: Mounting plugin VisualStudioCodeSourceCodeAccess
LogPluginManager: Mounting plugin XCodeSourceCodeAccess
LogPluginManager: Mounting plugin VisualStudioSourceCodeAccess
LogPluginManager: Mounting plugin AssetManagerEditor
LogPluginManager: Mounting plugin CurveEditorTools
LogPluginManager: Mounting plugin CryptoKeys
LogPluginManager: Mounting plugin DataValidation
LogPluginManager: Mounting plugin FacialAnimation
LogPluginManager: Mounting plugin GameplayTagsEditor
LogPluginManager: Mounting plugin GeometryMode
LogPluginManager: Mounting plugin MacGraphicsSwitching
LogPluginManager: Mounting plugin MaterialAnalyzer
LogPluginManager: Mounting plugin MobileLauncherProfileWizard
LogPluginManager: Mounting plugin PluginBrowser
LogPluginManager: Mounting plugin SpeedTreeImporter
LogPluginManager: Mounting plugin DatasmithContent
LogPluginManager: Mounting plugin VariantManagerContent
LogPluginManager: Mounting plugin AlembicImporter
LogPluginManager: Mounting plugin BackChannel
LogPluginManager: Mounting plugin ChaosClothEditor
LogPluginManager: Mounting plugin ChaosCloth
LogPluginManager: Mounting plugin ChaosEditor
LogPluginManager: Mounting plugin ChaosNiagara
LogPluginManager: Mounting plugin AutomationUtils
LogPluginManager: Mounting plugin ChaosSolverPlugin
LogPluginManager: Mounting plugin CharacterAI
LogPluginManager: Mounting plugin Niagara
LogPluginManager: Mounting plugin GeometryCache
LogPluginManager: Mounting plugin GeometryCollectionPlugin
LogPluginManager: Mounting plugin GeometryProcessing
LogPluginManager: Mounting plugin MotoSynth
LogPluginManager: Mounting plugin OpenImageDenoise
LogPluginManager: Mounting plugin PlanarCut
LogPluginManager: Mounting plugin PlatformCrypto
LogPluginManager: Mounting plugin ProxyLODPlugin
LogPluginManager: Mounting plugin PythonScriptPlugin
LogPluginManager: Mounting plugin SkeletalReduction
LogPluginManager: Mounting plugin LuminPlatformFeatures
LogPluginManager: Mounting plugin MagicLeap
LogPluginManager: Mounting plugin MagicLeapLightEstimation
LogPluginManager: Mounting plugin MagicLeapMedia
LogPluginManager: Mounting plugin MagicLeapPassableWorld
LogPluginManager: Mounting plugin MLSDK
LogPluginManager: Mounting plugin AndroidMedia
LogPluginManager: Mounting plugin AvfMedia
LogPluginManager: Mounting plugin ImgMedia
LogPluginManager: Mounting plugin MediaCompositing
LogPluginManager: Mounting plugin MediaPlayerEditor
LogPluginManager: Mounting plugin WebMMedia
LogPluginManager: Mounting plugin WmfMedia
LogPluginManager: Mounting plugin TcpMessaging
LogPluginManager: Mounting plugin ActorSequence
LogPluginManager: Mounting plugin UdpMessaging
LogPluginManager: Mounting plugin LevelSequenceEditor
LogPluginManager: Mounting plugin MatineeToLevelSequence
LogPluginManager: Mounting plugin TemplateSequence
LogPluginManager: Mounting plugin OnlineSubsystem
LogPluginManager: Mounting plugin OnlineSubsystemNull
LogPluginManager: Mounting plugin OnlineSubsystemUtils
LogPluginManager: Mounting plugin LauncherChunkInstaller
LogPluginManager: Mounting plugin ActorLayerUtilities
LogPluginManager: Mounting plugin AndroidDeviceProfileSelector
LogPluginManager: Mounting plugin AndroidMoviePlayer
LogPluginManager: Mounting plugin AndroidPermission
LogPluginManager: Mounting plugin AppleImageUtils
LogPluginManager: Mounting plugin AppleMoviePlayer
LogPluginManager: Mounting plugin AssetTags
LogPluginManager: Mounting plugin ArchVisCharacter
LogPluginManager: Mounting plugin AudioCapture
LogPluginManager: Mounting plugin AudioSynesthesia
LogPluginManager: Mounting plugin CableComponent
LogPluginManager: Mounting plugin ChunkDownloader
LogPluginManager: Mounting plugin CustomMeshComponent
LogPluginManager: Mounting plugin EditableMesh
LogPluginManager: Mounting plugin ExampleDeviceProfileSelector
LogPluginManager: Mounting plugin GoogleCloudMessaging
LogPluginManager: Mounting plugin GooglePAD
LogPluginManager: Mounting plugin IOSDeviceProfileSelector
LogPluginManager: Mounting plugin LinuxDeviceProfileSelector
LogPluginManager: Mounting plugin LocationServicesBPLibrary
LogPluginManager: Mounting plugin MobilePatchingUtils
LogPluginManager: Mounting plugin OpenXR
LogPluginManager: Mounting plugin OpenXREyeTracker
LogPluginManager: Mounting plugin OpenXRHandTracking
LogPluginManager: Mounting plugin PhysXVehicles
LogPluginManager: Mounting plugin PostSplashScreen
LogPluginManager: Mounting plugin ProceduralMeshComponent
LogPluginManager: Mounting plugin PropertyAccessEditor
LogPluginManager: Mounting plugin RuntimePhysXCooking
LogPluginManager: Mounting plugin SignificanceManager
LogPluginManager: Mounting plugin SoundFields
LogPluginManager: Mounting plugin Synthesis
LogPluginManager: Mounting plugin WebMMoviePlayer
LogPluginManager: Mounting plugin WindowsMoviePlayer
LogPluginManager: Mounting plugin EditorTests
LogPluginManager: Mounting plugin FunctionalTestingEditor
LogPluginManager: Mounting plugin ScreenshotTools
LogPluginManager: Mounting plugin RuntimeTests
LogPluginManager: Mounting plugin Takes
LogPluginManager: Mounting plugin ContentBrowserAssetDataSource
LogPluginManager: Mounting plugin ContentBrowserClassDataSource
LogPluginManager: Mounting plugin ContentBrowserFileDataSource
LogPluginManager: Mounting plugin OnlineSubsystemGooglePlay
LogPluginManager: Mounting plugin OnlineSubsystemIOS
LogPluginManager: Mounting plugin OculusVR
LogPluginManager: Mounting plugin SteamVR
LogPluginManager: Mounting plugin Fetch
LogInit: Warning: Incompatible or missing module: UnrealFetchDevApp
LogInit: Warning: Incompatible or missing module: Fetch
Running C:/Program Files/Epic Games/UE_4.27/Engine/Binaries/DotNET/UnrealBuildTool.exe Development Win64 -Project="C:/Unreal Projects/unreal-fetch-main/UnrealFetchDevApp/UnrealFetchDevApp.uproject" -TargetType=Editor -Progress -NoEngineChanges -NoHotReloadFromIDE
Creating makefile for UnrealFetchDevAppEditor (no existing makefile)
@progress push 5%
Parsing headers for UnrealFetchDevAppEditor
  Running UnrealHeaderTool "C:\Unreal Projects\unreal-fetch-main\UnrealFetchDevApp\UnrealFetchDevApp.uproject" "C:\Unreal Projects\unreal-fetch-main\UnrealFetchDevApp\Intermediate\Build\Win64\UnrealFetchDevAppEditor\Development\UnrealFetchDevAppEditor.uhtmanifest" -LogCmds="loginit warning, logexit warning, logdatabase error" -Unattended -WarningsAsErrors -abslog="C:\Users\JHSim\AppData\Local\UnrealBuildTool\Log_UHT.txt" -installed
LogInit: Display: Loading text-based GConfig....
Reflection code generated for UnrealFetchDevAppEditor in 23.1127876 seconds
@progress pop
Building UnrealFetchDevAppEditor...
Using Visual Studio 2017 14.16.27045 toolchain (C:\Program Files (x86)\Microsoft Visual Studio\2017\Community\VC\Tools\MSVC\14.16.27023) and Windows 10.0.17763.0 SDK (C:\Program Files (x86)\Windows Kits\10).
Building 14 actions with 4 processes...
  @progress 'Compiling C++ source code...' 0%
  @progress 'Compiling C++ source code...' 7%
  [1/14] Default.rc2
  @progress 'Compiling C++ source code...' 14%
  [2/14] Default.rc2
  @progress 'Compiling C++ source code...' 21%
  [3/14] SharedPCH.Engine.ShadowErrors.cpp
  @progress 'Compiling C++ source code...' 29%
  [4/14] UnrealFetchDevApp.init.gen.cpp
  @progress 'Compiling C++ source code...' 36%
  [5/14] UnrealFetchDevAppGameModeBase.cpp
  @progress 'Compiling C++ source code...' 43%
  [6/14] UnrealFetchDevAppGameModeBase.gen.cpp
  @progress 'Compiling C++ source code...' 50%
  [7/14] UnrealFetchDevApp.cpp
  @progress 'Compiling C++ source code...' 57%
  [8/14] Module.Fetch.gen.cpp
  @progress 'Compiling C++ source code...' 64%
  [9/14] UE4Editor-UnrealFetchDevApp.lib
     C:\Unreal Projects\unreal-fetch-main\UnrealFetchDevApp\Intermediate\Build\Win64\UE4Editor\Development\UnrealFetchDevApp\UE4Editor-UnrealFetchDevApp.lib ???̺귯?? ?? C:\Unreal Projects\unreal-fetch-main\UnrealFetchDevApp\Intermediate\Build\Win64\UE4Editor\Development\UnrealFetchDevApp\UE4Editor-UnrealFetchDevApp.exp ??ü?? ?????ϰ? ?ֽ??ϴ?.
  @progress 'Compiling C++ source code...' 71%
  [10/14] Module.Fetch.cpp
  @progress 'Compiling C++ source code...' 79%
  [11/14] UE4Editor-Fetch.lib
     C:\Unreal Projects\unreal-fetch-main\UnrealFetchDevApp\Plugins\Fetch\Intermediate\Build\Win64\UE4Editor\Development\Fetch\UE4Editor-Fetch.lib ???̺귯?? ?? C:\Unreal Projects\unreal-fetch-main\UnrealFetchDevApp\Plugins\Fetch\Intermediate\Build\Win64\UE4Editor\Development\Fetch\UE4Editor-Fetch.exp ??ü?? ?????ϰ? ?ֽ??ϴ?.
  @progress 'Compiling C++ source code...' 86%
  [12/14] UE4Editor-UnrealFetchDevApp.dll
     C:\Unreal Projects\unreal-fetch-main\UnrealFetchDevApp\Intermediate\Build\Win64\UE4Editor\Development\UnrealFetchDevApp\UE4Editor-UnrealFetchDevApp.suppressed.lib ???̺귯?? ?? C:\Unreal Projects\unreal-fetch-main\UnrealFetchDevApp\Intermediate\Build\Win64\UE4Editor\Development\UnrealFetchDevApp\UE4Editor-UnrealFetchDevApp.suppressed.exp ??ü?? ?????ϰ? ?ֽ??ϴ?.
  @progress 'Compiling C++ source code...' 93%
  [13/14] UE4Editor-Fetch.dll
     C:\Unreal Projects\unreal-fetch-main\UnrealFetchDevApp\Plugins\Fetch\Intermediate\Build\Win64\UE4Editor\Development\Fetch\UE4Editor-Fetch.suppressed.lib ???̺귯?? ?? C:\Unreal Projects\unreal-fetch-main\UnrealFetchDevApp\Plugins\Fetch\Intermediate\Build\Win64\UE4Editor\Development\Fetch\UE4Editor-Fetch.suppressed.exp ??ü?? ?????ϰ? ?ֽ??ϴ?.
  @progress 'Compiling C++ source code...' 100%
  [14/14] UnrealFetchDevAppEditor.target
Total time in Parallel executor: 136.37 seconds
Total execution time: 175.05 seconds
PixWinPlugin: PIX capture plugin failed to initialize! Check that the process is launched from PIX.
LogLuminAPIImpl: Warning: MLSDK not found.  This likely means the MLSDK environment variable is not set.
LogInit: Using libcurl 7.55.1-DEV
LogInit:  - built for x86_64-pc-win32
LogInit:  - supports SSL with OpenSSL/1.1.1
LogInit:  - supports HTTP deflate (compression) using libz 1.2.8
LogInit:  - other features:
LogInit:      CURL_VERSION_SSL
LogInit:      CURL_VERSION_LIBZ
LogInit:      CURL_VERSION_IPV6
LogInit:      CURL_VERSION_ASYNCHDNS
LogInit:      CURL_VERSION_LARGEFILE
LogInit:      CURL_VERSION_IDN
LogInit:  CurlRequestOptions (configurable via config and command line):
LogInit:  - bVerifyPeer = true  - Libcurl will verify peer certificate
LogInit:  - bUseHttpProxy = false  - Libcurl will NOT use HTTP proxy
LogInit:  - bDontReuseConnections = false  - Libcurl will reuse connections
LogInit:  - MaxHostConnections = 16  - Libcurl will limit the number of connections to a host
LogInit:  - LocalHostAddr = Default
LogInit:  - BufferSize = 65536
LogOnline: OSS: Creating online subsystem instance for: NULL
LogInit: WinSock: version 1.1 (2.2), MaxSocks=32767, MaxUdp=65467
LogOnline: OSS: TryLoadSubsystemAndSetDefault: Loaded subsystem for module [NULL]
LogOculusPluginWrapper: OculusPlugin initialized successfully
LogHMD: Failed initializing OVRPlugin 1.59.0
LogInit: Build: ++UE4+Release-4.27-CL-18319896
LogInit: Engine Version: 4.27.2-18319896+++UE4+Release-4.27
LogInit: Compatible Engine Version: 4.27.0-17155196+++UE4+Release-4.27
LogInit: Net CL: 17155196
LogInit: OS: Windows 7 (Service Pack 1), CPU:        Intel(R) Core(TM) i5-2410M CPU @ 2.30GHz, GPU: Mobile Intel(R) HD Graphics
LogInit: Compiled (64-bit): Nov 30 2021 07:12:08
LogInit: Compiled with Visual C++: 19.24.28315.00
LogInit: Build Configuration: Development
LogInit: Branch Name: ++UE4+Release-4.27
LogInit: Command Line: 
LogInit: Base Directory: C:/Program Files/Epic Games/UE_4.27/Engine/Binaries/Win64/
LogInit: Allocator: TBB
LogInit: Installed Engine Build: 1
LogDevObjectVersion: Number of dev versions registered: 29
LogDevObjectVersion:   Dev-Blueprints (B0D832E4-1F89-4F0D-ACCF-7EB736FD4AA2): 10
LogDevObjectVersion:   Dev-Build (E1C64328-A22C-4D53-A36C-8E866417BD8C): 0
LogDevObjectVersion:   Dev-Core (375EC13C-06E4-48FB-B500-84F0262A717E): 4
LogDevObjectVersion:   Dev-Editor (E4B068ED-F494-42E9-A231-DA0B2E46BB41): 40
LogDevObjectVersion:   Dev-Framework (CFFC743F-43B0-4480-9391-14DF171D2073): 37
LogDevObjectVersion:   Dev-Mobile (B02B49B5-BB20-44E9-A304-32B752E40360): 3
LogDevObjectVersion:   Dev-Networking (A4E4105C-59A1-49B5-A7C5-40C4547EDFEE): 0
LogDevObjectVersion:   Dev-Online (39C831C9-5AE6-47DC-9A44-9C173E1C8E7C): 0
LogDevObjectVersion:   Dev-Physics (78F01B33-EBEA-4F98-B9B4-84EACCB95AA2): 14
LogDevObjectVersion:   Dev-Platform (6631380F-2D4D-43E0-8009-CF276956A95A): 0
LogDevObjectVersion:   Dev-Rendering (12F88B9F-8875-4AFC-A67C-D90C383ABD29): 45
LogDevObjectVersion:   Dev-Sequencer (7B5AE74C-D270-4C10-A958-57980B212A5A): 13
LogDevObjectVersion:   Dev-VR (D7296918-1DD6-4BDD-9DE2-64A83CC13884): 3
LogDevObjectVersion:   Dev-LoadTimes (C2A15278-BFE7-4AFE-6C17-90FF531DF755): 1
LogDevObjectVersion:   Private-Geometry (6EACA3D4-40EC-4CC1-B786-8BED09428FC5): 3
LogDevObjectVersion:   Dev-AnimPhys (29E575DD-E0A3-4627-9D10-D276232CDCEA): 17
LogDevObjectVersion:   Dev-Anim (AF43A65D-7FD3-4947-9873-3E8ED9C1BB05): 15
LogDevObjectVersion:   Dev-ReflectionCapture (6B266CEC-1EC7-4B8F-A30B-E4D90942FC07): 1
LogDevObjectVersion:   Dev-Automation (0DF73D61-A23F-47EA-B727-89E90C41499A): 1
LogDevObjectVersion:   FortniteMain (601D1886-AC64-4F84-AA16-D3DE0DEAC7D6): 47
LogDevObjectVersion:   FortniteRelease (E7086368-6B23-4C58-8439-1B7016265E91): 1
LogDevObjectVersion:   Dev-Enterprise (9DFFBCD6-494F-0158-E221-12823C92A888): 10
LogDevObjectVersion:   Dev-Niagara (F2AED0AC-9AFE-416F-8664-AA7FFA26D6FC): 1
LogDevObjectVersion:   Dev-Destruction (174F1F0B-B4C6-45A5-B13F-2EE8D0FB917D): 10
LogDevObjectVersion:   Dev-Physics-Ext (35F94A83-E258-406C-A318-09F59610247C): 41
LogDevObjectVersion:   Dev-PhysicsMaterial-Chaos (B68FC16E-8B1B-42E2-B453-215C058844FE): 1
LogDevObjectVersion:   Dev-CineCamera (B2E18506-4273-CFC2-A54E-F4BB758BBA07): 1
LogDevObjectVersion:   Dev-VirtualProduction (64F58936-FD1B-42BA-BA96-7289D5D0FA4E): 1
LogDevObjectVersion:   Dev-MediaFramework (6F0ED827-A609-4895-9C91-998D90180EA4): 2
LogInit: Presizing for max 25165824 objects, including 0 objects not considered by GC, pre-allocating 0 bytes for permanent pool.
LogConfig: Applying CVar settings from Section [/Script/Engine.StreamingSettings] File [C:/Unreal Projects/unreal-fetch-main/UnrealFetchDevApp/Saved/Config/Windows/Engine.ini]
LogConfig: Setting CVar [[s.MinBulkDataSizeForAsyncLoading:131072]]
LogConfig: Setting CVar [[s.AsyncLoadingThreadEnabled:0]]
LogConfig: Setting CVar [[s.EventDrivenLoaderEnabled:1]]
LogConfig: Setting CVar [[s.WarnIfTimeLimitExceeded:0]]
LogConfig: Setting CVar [[s.TimeLimitExceededMultiplier:1.5]]
LogConfig: Setting CVar [[s.TimeLimitExceededMinTime:0.005]]
LogConfig: Setting CVar [[s.UseBackgroundLevelStreaming:1]]
LogConfig: Setting CVar [[s.PriorityAsyncLoadingExtraTime:15.0]]
LogConfig: Setting CVar [[s.LevelStreamingActorsUpdateTimeLimit:5.0]]
LogConfig: Setting CVar [[s.PriorityLevelStreamingActorsUpdateExtraTime:5.0]]
LogConfig: Setting CVar [[s.LevelStreamingComponentsRegistrationGranularity:10]]
LogConfig: Setting CVar [[s.UnregisterComponentsTimeLimit:1.0]]
LogConfig: Setting CVar [[s.LevelStreamingComponentsUnregistrationGranularity:5]]
LogConfig: Setting CVar [[s.FlushStreamingOnExit:1]]
LogInit: Object subsystem initialized
LogConfig: Setting CVar [[con.DebugEarlyDefault:1]]
LogConfig: Setting CVar [[r.setres:1280x720]]
[2022.04.22-09.24.24:348][  0]LogConfig: Setting CVar [[r.VSync:0]]
[2022.04.22-09.24.24:348][  0]LogConfig: Setting CVar [[r.RHICmdBypass:0]]
[2022.04.22-09.24.24:348][  0]LogConfig: Applying CVar settings from Section [/Script/Engine.RendererSettings] File [C:/Unreal Projects/unreal-fetch-main/UnrealFetchDevApp/Saved/Config/Windows/Engine.ini]
[2022.04.22-09.24.24:348][  0]LogConfig: Setting CVar [[r.GPUCrashDebugging:0]]
[2022.04.22-09.24.24:348][  0]LogConfig: Applying CVar settings from Section [/Script/Engine.RendererOverrideSettings] File [C:/Unreal Projects/unreal-fetch-main/UnrealFetchDevApp/Saved/Config/Windows/Engine.ini]
[2022.04.22-09.24.24:348][  0]LogConfig: Applying CVar settings from Section [/Script/Engine.StreamingSettings] File [C:/Unreal Projects/unreal-fetch-main/UnrealFetchDevApp/Saved/Config/Windows/Engine.ini]
[2022.04.22-09.24.24:348][  0]LogConfig: Setting CVar [[s.MinBulkDataSizeForAsyncLoading:131072]]
[2022.04.22-09.24.24:348][  0]LogConfig: Setting CVar [[s.AsyncLoadingThreadEnabled:0]]
[2022.04.22-09.24.24:348][  0]LogConfig: Setting CVar [[s.EventDrivenLoaderEnabled:1]]
[2022.04.22-09.24.24:348][  0]LogConfig: Setting CVar [[s.WarnIfTimeLimitExceeded:0]]
[2022.04.22-09.24.24:348][  0]LogConfig: Setting CVar [[s.TimeLimitExceededMultiplier:1.5]]
[2022.04.22-09.24.24:348][  0]LogConfig: Setting CVar [[s.TimeLimitExceededMinTime:0.005]]
[2022.04.22-09.24.24:348][  0]LogConfig: Setting CVar [[s.UseBackgroundLevelStreaming:1]]
[2022.04.22-09.24.24:348][  0]LogConfig: Setting CVar [[s.PriorityAsyncLoadingExtraTime:15.0]]
[2022.04.22-09.24.24:348][  0]LogConfig: Setting CVar [[s.LevelStreamingActorsUpdateTimeLimit:5.0]]
[2022.04.22-09.24.24:348][  0]LogConfig: Setting CVar [[s.PriorityLevelStreamingActorsUpdateExtraTime:5.0]]
[2022.04.22-09.24.24:348][  0]LogConfig: Setting CVar [[s.LevelStreamingComponentsRegistrationGranularity:10]]
[2022.04.22-09.24.24:348][  0]LogConfig: Setting CVar [[s.UnregisterComponentsTimeLimit:1.0]]
[2022.04.22-09.24.24:348][  0]LogConfig: Setting CVar [[s.LevelStreamingComponentsUnregistrationGranularity:5]]
[2022.04.22-09.24.24:348][  0]LogConfig: Setting CVar [[s.FlushStreamingOnExit:1]]
[2022.04.22-09.24.24:348][  0]LogConfig: Applying CVar settings from Section [/Script/Engine.GarbageCollectionSettings] File [C:/Unreal Projects/unreal-fetch-main/UnrealFetchDevApp/Saved/Config/Windows/Engine.ini]
[2022.04.22-09.24.24:348][  0]LogConfig: Setting CVar [[gc.MaxObjectsNotConsideredByGC:1]]
[2022.04.22-09.24.24:349][  0]LogConfig: Setting CVar [[gc.SizeOfPermanentObjectPool:0]]
[2022.04.22-09.24.24:349][  0]LogConfig: Setting CVar [[gc.FlushStreamingOnGC:0]]
[2022.04.22-09.24.24:349][  0]LogConfig: Setting CVar [[gc.NumRetriesBeforeForcingGC:10]]
[2022.04.22-09.24.24:349][  0]LogConfig: Setting CVar [[gc.AllowParallelGC:1]]
[2022.04.22-09.24.24:349][  0]LogConfig: Setting CVar [[gc.TimeBetweenPurgingPendingKillObjects:61.1]]
[2022.04.22-09.24.24:349][  0]LogConfig: Setting CVar [[gc.MaxObjectsInEditor:25165824]]
[2022.04.22-09.24.24:349][  0]LogConfig: Setting CVar [[gc.IncrementalBeginDestroyEnabled:1]]
[2022.04.22-09.24.24:349][  0]LogConfig: Setting CVar [[gc.CreateGCClusters:1]]
[2022.04.22-09.24.24:349][  0]LogConfig: Setting CVar [[gc.MinGCClusterSize:5]]
[2022.04.22-09.24.24:349][  0]LogConfig: Setting CVar [[gc.ActorClusteringEnabled:0]]
[2022.04.22-09.24.24:349][  0]LogConfig: Setting CVar [[gc.BlueprintClusteringEnabled:0]]
[2022.04.22-09.24.24:349][  0]LogConfig: Setting CVar [[gc.UseDisregardForGCOnDedicatedServers:0]]
[2022.04.22-09.24.24:349][  0]LogConfig: Setting CVar [[gc.MultithreadedDestructionEnabled:1]]
[2022.04.22-09.24.24:349][  0]LogConfig: Applying CVar settings from Section [/Script/Engine.NetworkSettings] File [C:/Unreal Projects/unreal-fetch-main/UnrealFetchDevApp/Saved/Config/Windows/Engine.ini]
[2022.04.22-09.24.24:349][  0]LogConfig: Applying CVar settings from Section [/Script/UnrealEd.CookerSettings] File [C:/Unreal Projects/unreal-fetch-main/UnrealFetchDevApp/Saved/Config/Windows/Engine.ini]
[2022.04.22-09.24.24:374][  0]LogConfig: Applying CVar settings from Section [ViewDistanceQuality@3] File [C:/Unreal Projects/unreal-fetch-main/UnrealFetchDevApp/Saved/Config/Windows/Scalability.ini]
[2022.04.22-09.24.24:374][  0]LogConfig: Setting CVar [[r.SkeletalMeshLODBias:0]]
[2022.04.22-09.24.24:374][  0]LogConfig: Setting CVar [[r.ViewDistanceScale:1.0]]
[2022.04.22-09.24.24:374][  0]LogConfig: Applying CVar settings from Section [AntiAliasingQuality@3] File [C:/Unreal Projects/unreal-fetch-main/UnrealFetchDevApp/Saved/Config/Windows/Scalability.ini]
[2022.04.22-09.24.24:374][  0]LogConfig: Setting CVar [[r.PostProcessAAQuality:4]]
[2022.04.22-09.24.24:374][  0]LogConfig: Applying CVar settings from Section [ShadowQuality@3] File [C:/Unreal Projects/unreal-fetch-main/UnrealFetchDevApp/Saved/Config/Windows/Scalability.ini]
[2022.04.22-09.24.24:374][  0]LogConfig: Setting CVar [[r.LightFunctionQuality:1]]
[2022.04.22-09.24.24:375][  0]LogConfig: Setting CVar [[r.ShadowQuality:5]]
[2022.04.22-09.24.24:375][  0]LogConfig: Setting CVar [[r.Shadow.CSM.MaxCascades:10]]
[2022.04.22-09.24.24:375][  0]LogConfig: Setting CVar [[r.Shadow.MaxResolution:2048]]
[2022.04.22-09.24.24:375][  0]LogConfig: Setting CVar [[r.Shadow.MaxCSMResolution:2048]]
[2022.04.22-09.24.24:375][  0]LogConfig: Setting CVar [[r.Shadow.RadiusThreshold:0.01]]
[2022.04.22-09.24.24:375][  0]LogConfig: Setting CVar [[r.Shadow.DistanceScale:1.0]]
[2022.04.22-09.24.24:375][  0]LogConfig: Setting CVar [[r.Shadow.CSM.TransitionScale:1.0]]
[2022.04.22-09.24.24:375][  0]LogConfig: Setting CVar [[r.Shadow.PreShadowResolutionFactor:1.0]]
[2022.04.22-09.24.24:375][  0]LogConfig: Setting CVar [[r.DistanceFieldShadowing:1]]
[2022.04.22-09.24.24:375][  0]LogConfig: Setting CVar [[r.DistanceFieldAO:1]]
[2022.04.22-09.24.24:375][  0]LogConfig: Setting CVar [[r.AOQuality:2]]
[2022.04.22-09.24.24:375][  0]LogConfig: Setting CVar [[r.VolumetricFog:1]]
[2022.04.22-09.24.24:375][  0]LogConfig: Setting CVar [[r.VolumetricFog.GridPixelSize:8]]
[2022.04.22-09.24.24:375][  0]LogConfig: Setting CVar [[r.VolumetricFog.GridSizeZ:128]]
[2022.04.22-09.24.24:375][  0]LogConfig: Setting CVar [[r.VolumetricFog.HistoryMissSupersampleCount:4]]
[2022.04.22-09.24.24:375][  0]LogConfig: Setting CVar [[r.LightMaxDrawDistanceScale:1]]
[2022.04.22-09.24.24:375][  0]LogConfig: Setting CVar [[r.CapsuleShadows:1]]
[2022.04.22-09.24.24:375][  0]LogConfig: Applying CVar settings from Section [PostProcessQuality@3] File [C:/Unreal Projects/unreal-fetch-main/UnrealFetchDevApp/Saved/Config/Windows/Scalability.ini]
[2022.04.22-09.24.24:375][  0]LogConfig: Setting CVar [[r.MotionBlurQuality:4]]
[2022.04.22-09.24.24:375][  0]LogConfig: Setting CVar [[r.AmbientOcclusionMipLevelFactor:0.4]]
[2022.04.22-09.24.24:375][  0]LogConfig: Setting CVar [[r.AmbientOcclusionMaxQuality:100]]
[2022.04.22-09.24.24:375][  0]LogConfig: Setting CVar [[r.AmbientOcclusionLevels:-1]]
[2022.04.22-09.24.24:375][  0]LogConfig: Setting CVar [[r.AmbientOcclusionRadiusScale:1.0]]
[2022.04.22-09.24.24:375][  0]LogConfig: Setting CVar [[r.DepthOfFieldQuality:2]]
[2022.04.22-09.24.24:375][  0]LogConfig: Setting CVar [[r.RenderTargetPoolMin:400]]
[2022.04.22-09.24.24:375][  0]LogConfig: Setting CVar [[r.LensFlareQuality:2]]
[2022.04.22-09.24.24:375][  0]LogConfig: Setting CVar [[r.SceneColorFringeQuality:1]]
[2022.04.22-09.24.24:375][  0]LogConfig: Setting CVar [[r.EyeAdaptationQuality:2]]
[2022.04.22-09.24.24:375][  0]LogConfig: Setting CVar [[r.BloomQuality:5]]
[2022.04.22-09.24.24:375][  0]LogConfig: Setting CVar [[r.FastBlurThreshold:100]]
[2022.04.22-09.24.24:375][  0]LogConfig: Setting CVar [[r.Upscale.Quality:3]]
[2022.04.22-09.24.24:375][  0]LogConfig: Setting CVar [[r.Tonemapper.GrainQuantization:1]]
[2022.04.22-09.24.24:375][  0]LogConfig: Setting CVar [[r.LightShaftQuality:1]]
[2022.04.22-09.24.24:375][  0]LogConfig: Setting CVar [[r.Filter.SizeScale:1]]
[2022.04.22-09.24.24:375][  0]LogConfig: Setting CVar [[r.Tonemapper.Quality:5]]
[2022.04.22-09.24.24:375][  0]LogConfig: Setting CVar [[r.DOF.Gather.AccumulatorQuality:1        ; higher gathering accumulator quality]]
[2022.04.22-09.24.24:375][  0]LogConfig: Setting CVar [[r.DOF.Gather.PostfilterMethod:1          ; Median3x3 postfilering method]]
[2022.04.22-09.24.24:375][  0]LogConfig: Setting CVar [[r.DOF.Gather.EnableBokehSettings:0       ; no bokeh simulation when gathering]]
[2022.04.22-09.24.24:375][  0]LogConfig: Setting CVar [[r.DOF.Gather.RingCount:4                 ; medium number of samples when gathering]]
[2022.04.22-09.24.24:375][  0]LogConfig: Setting CVar [[r.DOF.Scatter.ForegroundCompositing:1    ; additive foreground scattering]]
[2022.04.22-09.24.24:375][  0]LogConfig: Setting CVar [[r.DOF.Scatter.BackgroundCompositing:2    ; additive background scattering]]
[2022.04.22-09.24.24:375][  0]LogConfig: Setting CVar [[r.DOF.Scatter.EnableBokehSettings:1      ; bokeh simulation when scattering]]
[2022.04.22-09.24.24:375][  0]LogConfig: Setting CVar [[r.DOF.Scatter.MaxSpriteRatio:0.1         ; only a maximum of 10% of scattered bokeh]]
[2022.04.22-09.24.24:375][  0]LogConfig: Setting CVar [[r.DOF.Recombine.Quality:1                ; cheap slight out of focus]]
[2022.04.22-09.24.24:375][  0]LogConfig: Setting CVar [[r.DOF.Recombine.EnableBokehSettings:0    ; no bokeh simulation on slight out of focus]]
[2022.04.22-09.24.24:375][  0]LogConfig: Setting CVar [[r.DOF.TemporalAAQuality:1                ; more stable temporal accumulation]]
[2022.04.22-09.24.24:376][  0]LogConfig: Setting CVar [[r.DOF.Kernel.MaxForegroundRadius:0.025]]
[2022.04.22-09.24.24:376][  0]LogConfig: Setting CVar [[r.DOF.Kernel.MaxBackgroundRadius:0.025]]
[2022.04.22-09.24.24:376][  0]LogConfig: Applying CVar settings from Section [TextureQuality@3] File [C:/Unreal Projects/unreal-fetch-main/UnrealFetchDevApp/Saved/Config/Windows/Scalability.ini]
[2022.04.22-09.24.24:376][  0]LogConfig: Setting CVar [[r.Streaming.MipBias:0]]
[2022.04.22-09.24.24:376][  0]LogConfig: Setting CVar [[r.Streaming.AmortizeCPUToGPUCopy:0]]
[2022.04.22-09.24.24:376][  0]LogConfig: Setting CVar [[r.Streaming.MaxNumTexturesToStreamPerFrame:0]]
[2022.04.22-09.24.24:376][  0]LogConfig: Setting CVar [[r.Streaming.Boost:1]]
[2022.04.22-09.24.24:376][  0]LogConfig: Setting CVar [[r.MaxAnisotropy:8]]
[2022.04.22-09.24.24:376][  0]LogConfig: Setting CVar [[r.VT.MaxAnisotropy:8]]
[2022.04.22-09.24.24:376][  0]LogConfig: Setting CVar [[r.Streaming.LimitPoolSizeToVRAM:0]]
[2022.04.22-09.24.24:376][  0]LogConfig: Setting CVar [[r.Streaming.PoolSize:1000]]
[2022.04.22-09.24.24:376][  0]LogConfig: Setting CVar [[r.Streaming.MaxEffectiveScreenSize:0]]
[2022.04.22-09.24.24:376][  0]LogConfig: Applying CVar settings from Section [EffectsQuality@3] File [C:/Unreal Projects/unreal-fetch-main/UnrealFetchDevApp/Saved/Config/Windows/Scalability.ini]
[2022.04.22-09.24.24:376][  0]LogConfig: Setting CVar [[r.TranslucencyLightingVolumeDim:64]]
[2022.04.22-09.24.24:376][  0]LogConfig: Setting CVar [[r.RefractionQuality:2]]
[2022.04.22-09.24.24:376][  0]LogConfig: Setting CVar [[r.SSR.Quality:3]]
[2022.04.22-09.24.24:376][  0]LogConfig: Setting CVar [[r.SSR.HalfResSceneColor:0]]
[2022.04.22-09.24.24:376][  0]LogConfig: Setting CVar [[r.SceneColorFormat:4]]
[2022.04.22-09.24.24:376][  0]LogConfig: Setting CVar [[r.DetailMode:2]]
[2022.04.22-09.24.24:376][  0]LogConfig: Setting CVar [[r.TranslucencyVolumeBlur:1]]
[2022.04.22-09.24.24:376][  0]LogConfig: Setting CVar [[r.MaterialQualityLevel:1 ; High quality]]
[2022.04.22-09.24.24:376][  0]LogConfig: Setting CVar [[r.AnisotropicMaterials:1]]
[2022.04.22-09.24.24:376][  0]LogConfig: Setting CVar [[r.SSS.Scale:1]]
[2022.04.22-09.24.24:376][  0]LogConfig: Setting CVar [[r.SSS.SampleSet:2]]
[2022.04.22-09.24.24:376][  0]LogConfig: Setting CVar [[r.SSS.Quality:1]]
[2022.04.22-09.24.24:376][  0]LogConfig: Setting CVar [[r.SSS.HalfRes:0]]
[2022.04.22-09.24.24:376][  0]LogConfig: Setting CVar [[r.SSGI.Quality:3]]
[2022.04.22-09.24.24:376][  0]LogConfig: Setting CVar [[r.EmitterSpawnRateScale:1.0]]
[2022.04.22-09.24.24:376][  0]LogConfig: Setting CVar [[r.ParticleLightQuality:2]]
[2022.04.22-09.24.24:376][  0]LogConfig: Setting CVar [[r.SkyAtmosphere.AerialPerspectiveLUT.FastApplyOnOpaque:1 ; Always have FastSkyLUT 1 in this case to avoid wrong sky]]
[2022.04.22-09.24.24:376][  0]LogConfig: Setting CVar [[r.SkyAtmosphere.AerialPerspectiveLUT.SampleCountMaxPerSlice:4]]
[2022.04.22-09.24.24:376][  0]LogConfig: Setting CVar [[r.SkyAtmosphere.AerialPerspectiveLUT.DepthResolution:16.0]]
[2022.04.22-09.24.24:376][  0]LogConfig: Setting CVar [[r.SkyAtmosphere.FastSkyLUT:1]]
[2022.04.22-09.24.24:376][  0]LogConfig: Setting CVar [[r.SkyAtmosphere.FastSkyLUT.SampleCountMin:4.0]]
[2022.04.22-09.24.24:376][  0]LogConfig: Setting CVar [[r.SkyAtmosphere.FastSkyLUT.SampleCountMax:128.0]]
[2022.04.22-09.24.24:376][  0]LogConfig: Setting CVar [[r.SkyAtmosphere.SampleCountMin:4.0]]
[2022.04.22-09.24.24:376][  0]LogConfig: Setting CVar [[r.SkyAtmosphere.SampleCountMax:128.0]]
[2022.04.22-09.24.24:376][  0]LogConfig: Setting CVar [[r.SkyAtmosphere.TransmittanceLUT.UseSmallFormat:0]]
[2022.04.22-09.24.24:376][  0]LogConfig: Setting CVar [[r.SkyAtmosphere.TransmittanceLUT.SampleCount:10.0]]
[2022.04.22-09.24.24:376][  0]LogConfig: Setting CVar [[r.SkyAtmosphere.MultiScatteringLUT.SampleCount:15.0]]
[2022.04.22-09.24.24:376][  0]LogConfig: Setting CVar [[r.SkyLight.RealTimeReflectionCapture:1]]
[2022.04.22-09.24.24:376][  0]LogConfig: Applying CVar settings from Section [FoliageQuality@3] File [C:/Unreal Projects/unreal-fetch-main/UnrealFetchDevApp/Saved/Config/Windows/Scalability.ini]
[2022.04.22-09.24.24:376][  0]LogConfig: Setting CVar [[foliage.DensityScale:1.0]]
[2022.04.22-09.24.24:376][  0]LogConfig: Setting CVar [[grass.DensityScale:1.0]]
[2022.04.22-09.24.24:376][  0]LogConfig: Applying CVar settings from Section [ShadingQuality@3] File [C:/Unreal Projects/unreal-fetch-main/UnrealFetchDevApp/Saved/Config/Windows/Scalability.ini]
[2022.04.22-09.24.24:376][  0]LogConfig: Setting CVar [[r.HairStrands.SkyLighting.IntegrationType:2]]
[2022.04.22-09.24.24:377][  0]LogConfig: Setting CVar [[r.HairStrands.SkyAO.SampleCount:4]]
[2022.04.22-09.24.24:377][  0]LogConfig: Setting CVar [[r.HairStrands.Visibility.MSAA.SamplePerPixel:4]]
[2022.04.22-09.24.24:377][  0]LogInit: Selected Device Profile: [Windows]
[2022.04.22-09.24.24:377][  0]LogInit: Applying CVar settings loaded from the selected device profile: [Windows]
[2022.04.22-09.24.24:377][  0]LogHAL: Display: Platform has ~ 8 GB [8434597888 / 8589934592 / 8], which maps to Default [LargestMinGB=32, LargerMinGB=12, DefaultMinGB=8, SmallerMinGB=6, SmallestMinGB=0)
[2022.04.22-09.24.24:377][  0]LogInit: Going up to parent DeviceProfile []
[2022.04.22-09.24.24:377][  0]LogConfig: Applying CVar settings from Section [ViewDistanceQuality@3] File [C:/Unreal Projects/unreal-fetch-main/UnrealFetchDevApp/Saved/Config/Windows/Scalability.ini]
[2022.04.22-09.24.24:377][  0]LogConfig: Setting CVar [[r.SkeletalMeshLODBias:0]]
[2022.04.22-09.24.24:377][  0]LogConfig: Setting CVar [[r.ViewDistanceScale:1.0]]
[2022.04.22-09.24.24:377][  0]LogConfig: Applying CVar settings from Section [AntiAliasingQuality@3] File [C:/Unreal Projects/unreal-fetch-main/UnrealFetchDevApp/Saved/Config/Windows/Scalability.ini]
[2022.04.22-09.24.24:377][  0]LogConfig: Setting CVar [[r.PostProcessAAQuality:4]]
[2022.04.22-09.24.24:377][  0]LogConfig: Applying CVar settings from Section [ShadowQuality@3] File [C:/Unreal Projects/unreal-fetch-main/UnrealFetchDevApp/Saved/Config/Windows/Scalability.ini]
[2022.04.22-09.24.24:377][  0]LogConfig: Setting CVar [[r.LightFunctionQuality:1]]
[2022.04.22-09.24.24:377][  0]LogConfig: Setting CVar [[r.ShadowQuality:5]]
[2022.04.22-09.24.24:377][  0]LogConfig: Setting CVar [[r.Shadow.CSM.MaxCascades:10]]
[2022.04.22-09.24.24:377][  0]LogConfig: Setting CVar [[r.Shadow.MaxResolution:2048]]
[2022.04.22-09.24.24:377][  0]LogConfig: Setting CVar [[r.Shadow.MaxCSMResolution:2048]]
[2022.04.22-09.24.24:377][  0]LogConfig: Setting CVar [[r.Shadow.RadiusThreshold:0.01]]
[2022.04.22-09.24.24:377][  0]LogConfig: Setting CVar [[r.Shadow.DistanceScale:1.0]]
[2022.04.22-09.24.24:377][  0]LogConfig: Setting CVar [[r.Shadow.CSM.TransitionScale:1.0]]
[2022.04.22-09.24.24:377][  0]LogConfig: Setting CVar [[r.Shadow.PreShadowResolutionFactor:1.0]]
[2022.04.22-09.24.24:377][  0]LogConfig: Setting CVar [[r.DistanceFieldShadowing:1]]
[2022.04.22-09.24.24:377][  0]LogConfig: Setting CVar [[r.DistanceFieldAO:1]]
[2022.04.22-09.24.24:377][  0]LogConfig: Setting CVar [[r.AOQuality:2]]
[2022.04.22-09.24.24:377][  0]LogConfig: Setting CVar [[r.VolumetricFog:1]]
[2022.04.22-09.24.24:377][  0]LogConfig: Setting CVar [[r.VolumetricFog.GridPixelSize:8]]
[2022.04.22-09.24.24:377][  0]LogConfig: Setting CVar [[r.VolumetricFog.GridSizeZ:128]]
[2022.04.22-09.24.24:377][  0]LogConfig: Setting CVar [[r.VolumetricFog.HistoryMissSupersampleCount:4]]
[2022.04.22-09.24.24:377][  0]LogConfig: Setting CVar [[r.LightMaxDrawDistanceScale:1]]
[2022.04.22-09.24.24:377][  0]LogConfig: Setting CVar [[r.CapsuleShadows:1]]
[2022.04.22-09.24.24:377][  0]LogConfig: Applying CVar settings from Section [PostProcessQuality@3] File [C:/Unreal Projects/unreal-fetch-main/UnrealFetchDevApp/Saved/Config/Windows/Scalability.ini]
[2022.04.22-09.24.24:377][  0]LogConfig: Setting CVar [[r.MotionBlurQuality:4]]
[2022.04.22-09.24.24:377][  0]LogConfig: Setting CVar [[r.AmbientOcclusionMipLevelFactor:0.4]]
[2022.04.22-09.24.24:377][  0]LogConfig: Setting CVar [[r.AmbientOcclusionMaxQuality:100]]
[2022.04.22-09.24.24:377][  0]LogConfig: Setting CVar [[r.AmbientOcclusionLevels:-1]]
[2022.04.22-09.24.24:377][  0]LogConfig: Setting CVar [[r.AmbientOcclusionRadiusScale:1.0]]
[2022.04.22-09.24.24:377][  0]LogConfig: Setting CVar [[r.DepthOfFieldQuality:2]]
[2022.04.22-09.24.24:377][  0]LogConfig: Setting CVar [[r.RenderTargetPoolMin:400]]
[2022.04.22-09.24.24:378][  0]LogConfig: Setting CVar [[r.LensFlareQuality:2]]
[2022.04.22-09.24.24:378][  0]LogConfig: Setting CVar [[r.SceneColorFringeQuality:1]]
[2022.04.22-09.24.24:378][  0]LogConfig: Setting CVar [[r.EyeAdaptationQuality:2]]
[2022.04.22-09.24.24:378][  0]LogConfig: Setting CVar [[r.BloomQuality:5]]
[2022.04.22-09.24.24:378][  0]LogConfig: Setting CVar [[r.FastBlurThreshold:100]]
[2022.04.22-09.24.24:378][  0]LogConfig: Setting CVar [[r.Upscale.Quality:3]]
[2022.04.22-09.24.24:378][  0]LogConfig: Setting CVar [[r.Tonemapper.GrainQuantization:1]]
[2022.04.22-09.24.24:378][  0]LogConfig: Setting CVar [[r.LightShaftQuality:1]]
[2022.04.22-09.24.24:378][  0]LogConfig: Setting CVar [[r.Filter.SizeScale:1]]
[2022.04.22-09.24.24:378][  0]LogConfig: Setting CVar [[r.Tonemapper.Quality:5]]
[2022.04.22-09.24.24:378][  0]LogConfig: Setting CVar [[r.DOF.Gather.AccumulatorQuality:1        ; higher gathering accumulator quality]]
[2022.04.22-09.24.24:378][  0]LogConfig: Setting CVar [[r.DOF.Gather.PostfilterMethod:1          ; Median3x3 postfilering method]]
[2022.04.22-09.24.24:378][  0]LogConfig: Setting CVar [[r.DOF.Gather.EnableBokehSettings:0       ; no bokeh simulation when gathering]]
[2022.04.22-09.24.24:378][  0]LogConfig: Setting CVar [[r.DOF.Gather.RingCount:4                 ; medium number of samples when gathering]]
[2022.04.22-09.24.24:378][  0]LogConfig: Setting CVar [[r.DOF.Scatter.ForegroundCompositing:1    ; additive foreground scattering]]
[2022.04.22-09.24.24:378][  0]LogConfig: Setting CVar [[r.DOF.Scatter.BackgroundCompositing:2    ; additive background scattering]]
[2022.04.22-09.24.24:378][  0]LogConfig: Setting CVar [[r.DOF.Scatter.EnableBokehSettings:1      ; bokeh simulation when scattering]]
[2022.04.22-09.24.24:378][  0]LogConfig: Setting CVar [[r.DOF.Scatter.MaxSpriteRatio:0.1         ; only a maximum of 10% of scattered bokeh]]
[2022.04.22-09.24.24:378][  0]LogConfig: Setting CVar [[r.DOF.Recombine.Quality:1                ; cheap slight out of focus]]
[2022.04.22-09.24.24:378][  0]LogConfig: Setting CVar [[r.DOF.Recombine.EnableBokehSettings:0    ; no bokeh simulation on slight out of focus]]
[2022.04.22-09.24.24:378][  0]LogConfig: Setting CVar [[r.DOF.TemporalAAQuality:1                ; more stable temporal accumulation]]
[2022.04.22-09.24.24:378][  0]LogConfig: Setting CVar [[r.DOF.Kernel.MaxForegroundRadius:0.025]]
[2022.04.22-09.24.24:378][  0]LogConfig: Setting CVar [[r.DOF.Kernel.MaxBackgroundRadius:0.025]]
[2022.04.22-09.24.24:378][  0]LogConfig: Applying CVar settings from Section [TextureQuality@3] File [C:/Unreal Projects/unreal-fetch-main/UnrealFetchDevApp/Saved/Config/Windows/Scalability.ini]
[2022.04.22-09.24.24:378][  0]LogConfig: Setting CVar [[r.Streaming.MipBias:0]]
[2022.04.22-09.24.24:378][  0]LogConfig: Setting CVar [[r.Streaming.AmortizeCPUToGPUCopy:0]]
[2022.04.22-09.24.24:378][  0]LogConfig: Setting CVar [[r.Streaming.MaxNumTexturesToStreamPerFrame:0]]
[2022.04.22-09.24.24:378][  0]LogConfig: Setting CVar [[r.Streaming.Boost:1]]
[2022.04.22-09.24.24:378][  0]LogConfig: Setting CVar [[r.MaxAnisotropy:8]]
[2022.04.22-09.24.24:378][  0]LogConfig: Setting CVar [[r.VT.MaxAnisotropy:8]]
[2022.04.22-09.24.24:378][  0]LogConfig: Setting CVar [[r.Streaming.LimitPoolSizeToVRAM:0]]
[2022.04.22-09.24.24:378][  0]LogConfig: Setting CVar [[r.Streaming.PoolSize:1000]]
[2022.04.22-09.24.24:378][  0]LogConfig: Setting CVar [[r.Streaming.MaxEffectiveScreenSize:0]]
[2022.04.22-09.24.24:378][  0]LogConfig: Applying CVar settings from Section [EffectsQuality@3] File [C:/Unreal Projects/unreal-fetch-main/UnrealFetchDevApp/Saved/Config/Windows/Scalability.ini]
[2022.04.22-09.24.24:378][  0]LogConfig: Setting CVar [[r.TranslucencyLightingVolumeDim:64]]
[2022.04.22-09.24.24:378][  0]LogConfig: Setting CVar [[r.RefractionQuality:2]]
[2022.04.22-09.24.24:378][  0]LogConfig: Setting CVar [[r.SSR.Quality:3]]
[2022.04.22-09.24.24:378][  0]LogConfig: Setting CVar [[r.SSR.HalfResSceneColor:0]]
[2022.04.22-09.24.24:378][  0]LogConfig: Setting CVar [[r.SceneColorFormat:4]]
[2022.04.22-09.24.24:378][  0]LogConfig: Setting CVar [[r.DetailMode:2]]
[2022.04.22-09.24.24:378][  0]LogConfig: Setting CVar [[r.TranslucencyVolumeBlur:1]]
[2022.04.22-09.24.24:378][  0]LogConfig: Setting CVar [[r.MaterialQualityLevel:1 ; High quality]]
[2022.04.22-09.24.24:378][  0]LogConfig: Setting CVar [[r.AnisotropicMaterials:1]]
[2022.04.22-09.24.24:378][  0]LogConfig: Setting CVar [[r.SSS.Scale:1]]
[2022.04.22-09.24.24:378][  0]LogConfig: Setting CVar [[r.SSS.SampleSet:2]]
[2022.04.22-09.24.24:378][  0]LogConfig: Setting CVar [[r.SSS.Quality:1]]
[2022.04.22-09.24.24:378][  0]LogConfig: Setting CVar [[r.SSS.HalfRes:0]]
[2022.04.22-09.24.24:378][  0]LogConfig: Setting CVar [[r.SSGI.Quality:3]]
[2022.04.22-09.24.24:379][  0]LogConfig: Setting CVar [[r.EmitterSpawnRateScale:1.0]]
[2022.04.22-09.24.24:379][  0]LogConfig: Setting CVar [[r.ParticleLightQuality:2]]
[2022.04.22-09.24.24:379][  0]LogConfig: Setting CVar [[r.SkyAtmosphere.AerialPerspectiveLUT.FastApplyOnOpaque:1 ; Always have FastSkyLUT 1 in this case to avoid wrong sky]]
[2022.04.22-09.24.24:379][  0]LogConfig: Setting CVar [[r.SkyAtmosphere.AerialPerspectiveLUT.SampleCountMaxPerSlice:4]]
[2022.04.22-09.24.24:379][  0]LogConfig: Setting CVar [[r.SkyAtmosphere.AerialPerspectiveLUT.DepthResolution:16.0]]
[2022.04.22-09.24.24:379][  0]LogConfig: Setting CVar [[r.SkyAtmosphere.FastSkyLUT:1]]
[2022.04.22-09.24.24:379][  0]LogConfig: Setting CVar [[r.SkyAtmosphere.FastSkyLUT.SampleCountMin:4.0]]
[2022.04.22-09.24.24:379][  0]LogConfig: Setting CVar [[r.SkyAtmosphere.FastSkyLUT.SampleCountMax:128.0]]
[2022.04.22-09.24.24:379][  0]LogConfig: Setting CVar [[r.SkyAtmosphere.SampleCountMin:4.0]]
[2022.04.22-09.24.24:379][  0]LogConfig: Setting CVar [[r.SkyAtmosphere.SampleCountMax:128.0]]
[2022.04.22-09.24.24:379][  0]LogConfig: Setting CVar [[r.SkyAtmosphere.TransmittanceLUT.UseSmallFormat:0]]
[2022.04.22-09.24.24:379][  0]LogConfig: Setting CVar [[r.SkyAtmosphere.TransmittanceLUT.SampleCount:10.0]]
[2022.04.22-09.24.24:379][  0]LogConfig: Setting CVar [[r.SkyAtmosphere.MultiScatteringLUT.SampleCount:15.0]]
[2022.04.22-09.24.24:379][  0]LogConfig: Setting CVar [[r.SkyLight.RealTimeReflectionCapture:1]]
[2022.04.22-09.24.24:379][  0]LogConfig: Applying CVar settings from Section [FoliageQuality@3] File [C:/Unreal Projects/unreal-fetch-main/UnrealFetchDevApp/Saved/Config/Windows/Scalability.ini]
[2022.04.22-09.24.24:379][  0]LogConfig: Setting CVar [[foliage.DensityScale:1.0]]
[2022.04.22-09.24.24:379][  0]LogConfig: Setting CVar [[grass.DensityScale:1.0]]
[2022.04.22-09.24.24:379][  0]LogConfig: Applying CVar settings from Section [ShadingQuality@3] File [C:/Unreal Projects/unreal-fetch-main/UnrealFetchDevApp/Saved/Config/Windows/Scalability.ini]
[2022.04.22-09.24.24:379][  0]LogConfig: Setting CVar [[r.HairStrands.SkyLighting.IntegrationType:2]]
[2022.04.22-09.24.24:379][  0]LogConfig: Setting CVar [[r.HairStrands.SkyAO.SampleCount:4]]
[2022.04.22-09.24.24:379][  0]LogConfig: Setting CVar [[r.HairStrands.Visibility.MSAA.SamplePerPixel:4]]
[2022.04.22-09.24.24:379][  0]LogConfig: Applying CVar settings from Section [Startup] File [../../../Engine/Config/ConsoleVariables.ini]
[2022.04.22-09.24.24:380][  0]LogConfig: Setting CVar [[net.UseAdaptiveNetUpdateFrequency:0]]
[2022.04.22-09.24.24:380][  0]LogConfig: Setting CVar [[p.chaos.AllowCreatePhysxBodies:1]]
[2022.04.22-09.24.24:380][  0]LogConfig: Setting CVar [[fx.SkipVectorVMBackendOptimizations:1]]
[2022.04.22-09.24.24:380][  0]LogConfig: Applying CVar settings from Section [ConsoleVariables] File [C:/Unreal Projects/unreal-fetch-main/UnrealFetchDevApp/Saved/Config/Windows/Engine.ini]
[2022.04.22-09.24.24:380][  0]LogConfig: Applying CVar settings from Section [ConsoleVariables] File [C:/Unreal Projects/unreal-fetch-main/UnrealFetchDevApp/Saved/Config/Windows/Editor.ini]
[2022.04.22-09.24.24:380][  0]LogInit: Computer: JHSIM-PC
[2022.04.22-09.24.24:380][  0]LogInit: User: JHSim
[2022.04.22-09.24.24:380][  0]LogInit: CPU Page size=4096, Cores=2
[2022.04.22-09.24.24:380][  0]LogInit: High frequency timer resolution =2.241035 MHz
[2022.04.22-09.24.24:380][  0]LogMemory: Memory total: Physical=7.9GB (8GB approx)
[2022.04.22-09.24.24:380][  0]LogMemory: Platform Memory Stats for Windows
[2022.04.22-09.24.24:380][  0]LogMemory: Process Physical Memory: 146.02 MB used, 146.02 MB peak
[2022.04.22-09.24.24:380][  0]LogMemory: Process Virtual Memory: 128.25 MB used, 128.25 MB peak
[2022.04.22-09.24.24:380][  0]LogMemory: Physical Memory: 3485.74 MB used,  4558.12 MB free, 8043.86 MB total
[2022.04.22-09.24.24:380][  0]LogMemory: Virtual Memory: 8377142.50 MB used,  11465.19 MB free, 8388608.00 MB total
[2022.04.22-09.24.24:646][  0]LogWindows: WindowsPlatformFeatures enabled
[2022.04.22-09.24.25:415][  0]LogInit: Physics initialised using underlying interface: PhysX
[2022.04.22-09.24.25:433][  0]LogInit: Overriding language with editor language configuration option (en).
[2022.04.22-09.24.25:433][  0]LogInit: Using OS detected locale (ko-KR).
[2022.04.22-09.24.30:988][  0]LogWindows: Failed to load 'shcore.dll' (GetLastError=126)
[2022.04.22-09.24.30:988][  0]LogWindows: File 'shcore.dll' does not exist
[2022.04.22-09.24.30:989][  0]LogInit: Setting process to DPI aware
[2022.04.22-09.24.31:204][  0]LogWindowsTextInputMethodSystem: Display: IME system deactivated.
[2022.04.22-09.24.31:333][  0]LogSlate: New Slate User Created.  User Index 0, Is Virtual User: 0
[2022.04.22-09.24.31:333][  0]LogSlate: Slate User Registered.  User Index 0, Is Virtual User: 0
[2022.04.22-09.24.32:343][  0]LogD3D11RHI: Loaded GFSDK_Aftermath_Lib.x64.dll
[2022.04.22-09.24.32:386][  0]LogHMD: Failed to initialize OpenVR with code 110
[2022.04.22-09.24.32:386][  0]LogD3D11RHI: D3D11 min allowed feature level: 11_0
[2022.04.22-09.24.32:386][  0]LogD3D11RHI: D3D11 max allowed feature level: 11_0
[2022.04.22-09.24.32:386][  0]LogD3D11RHI: D3D11 adapters:
[2022.04.22-09.24.32:559][  0]LogD3D11RHI:    0. 'Mobile Intel(R) HD Graphics' (Feature Level 11_0)
[2022.04.22-09.24.32:560][  0]LogD3D11RHI:       1132/0/3765 MB DedicatedVideo/DedicatedSystem/SharedSystem, Outputs:1, VendorId:0x8086
[2022.04.22-09.24.32:560][  0]LogD3D11RHI: Chosen D3D11 Adapter:
[2022.04.22-09.24.32:560][  0]LogD3D11RHI:     Description : Mobile Intel(R) HD Graphics
[2022.04.22-09.24.32:560][  0]LogD3D11RHI:     VendorId    : 8086
[2022.04.22-09.24.32:560][  0]LogD3D11RHI:     DeviceId    : 0116
[2022.04.22-09.24.32:560][  0]LogD3D11RHI:     SubSysId    : 1646103c
[2022.04.22-09.24.32:560][  0]LogD3D11RHI:     Revision    : 0009
[2022.04.22-09.24.32:560][  0]LogD3D11RHI:     DedicatedVideoMemory : 1187819520 bytes
[2022.04.22-09.24.32:560][  0]LogD3D11RHI:     DedicatedSystemMemory : 0 bytes
[2022.04.22-09.24.32:560][  0]LogD3D11RHI:     SharedSystemMemory : 3948863488 bytes
[2022.04.22-09.24.32:560][  0]LogD3D11RHI:     AdapterLuid : 0 39333
[2022.04.22-09.24.32:565][  0]LogD3D11RHI: Creating new Direct3DDevice
[2022.04.22-09.24.32:565][  0]LogD3D11RHI:     GPU DeviceId: 0x116 (for the marketing name, search the web for "GPU Device Id")
[2022.04.22-09.24.32:565][  0]LogWindows: EnumDisplayDevices:
[2022.04.22-09.24.32:565][  0]LogWindows:    0. 'Mobile Intel(R) HD Graphics' (P:1 D:1)
[2022.04.22-09.24.32:567][  0]LogWindows:    1. 'Mobile Intel(R) HD Graphics' (P:0 D:0)
[2022.04.22-09.24.32:568][  0]LogWindows:    2. 'RDPDD Chained DD' (P:0 D:0)
[2022.04.22-09.24.32:569][  0]LogWindows:    3. 'RDP Encoder Mirror Driver' (P:0 D:0)
[2022.04.22-09.24.32:570][  0]LogWindows:    4. 'RDP Reflector Display Driver' (P:0 D:0)
[2022.04.22-09.24.32:571][  0]LogWindows: DebugString: GetVideoDriverDetailsInvalid GetVideoDriverDetailsInvalid GetVideoDriverDetailsInvalid PrimaryIsNotTheChoosenAdapter GetVideoDriverDetailsInvalid PrimaryIsNotTheChoosenAdapter GetVideoDriverDetailsInvalid PrimaryIsNotTheChoosenAdapter FoundDriverCount:2 
[2022.04.22-09.24.32:571][  0]LogD3D11RHI:     Adapter Name: Mobile Intel(R) HD Graphics
[2022.04.22-09.24.32:571][  0]LogD3D11RHI:   Driver Version: 8.830.6.1000 (internal:8.830.6.1000, unified:8.830.6.1000)
[2022.04.22-09.24.32:571][  0]LogD3D11RHI:      Driver Date: 3-15-2011
[2022.04.22-09.24.32:571][  0]LogRHI: Texture pool is 2111 MB (70% of 3015 MB)
[2022.04.22-09.24.32:571][  0]LogD3D11RHI: Creating D3DDevice using adapter:
[2022.04.22-09.24.32:571][  0]LogD3D11RHI:     Description : Mobile Intel(R) HD Graphics
[2022.04.22-09.24.32:571][  0]LogD3D11RHI:     VendorId    : 8086
[2022.04.22-09.24.32:571][  0]LogD3D11RHI:     DeviceId    : 0116
[2022.04.22-09.24.32:571][  0]LogD3D11RHI:     SubSysId    : 1646103c
[2022.04.22-09.24.32:571][  0]LogD3D11RHI:     Revision    : 0009
[2022.04.22-09.24.32:571][  0]LogD3D11RHI:     DedicatedVideoMemory : 1187819520 bytes
[2022.04.22-09.24.32:571][  0]LogD3D11RHI:     DedicatedSystemMemory : 0 bytes
[2022.04.22-09.24.32:571][  0]LogD3D11RHI:     SharedSystemMemory : 3948863488 bytes
[2022.04.22-09.24.32:571][  0]LogD3D11RHI:     AdapterLuid : 0 39333
[2022.04.22-09.24.32:596][  0]LogD3D11RHI: RHI does not have support for 64 bit atomics
[2022.04.22-09.24.32:598][  0]LogD3D11RHI: Async texture creation enabled
[2022.04.22-09.24.32:617][  0]LogD3D11RHI: GPU Timing Frequency: 27.000000 (Debug: 2 0)
[2022.04.22-09.24.33:178][  0]LogTargetPlatformManager: Display: Loaded TargetPlatform 'AllDesktop'
[2022.04.22-09.24.33:227][  0]LogTargetPlatformManager: Display: Loaded TargetPlatform 'Android'
[2022.04.22-09.24.33:227][  0]LogTargetPlatformManager: Display: Loaded TargetPlatform 'Android_ASTC'
[2022.04.22-09.24.33:227][  0]LogTargetPlatformManager: Display: Loaded TargetPlatform 'Android_DXT'
[2022.04.22-09.24.33:227][  0]LogTargetPlatformManager: Display: Loaded TargetPlatform 'Android_ETC2'
[2022.04.22-09.24.33:227][  0]LogTargetPlatformManager: Display: Loaded TargetPlatform 'AndroidClient'
[2022.04.22-09.24.33:227][  0]LogTargetPlatformManager: Display: Loaded TargetPlatform 'Android_ASTCClient'
[2022.04.22-09.24.33:227][  0]LogTargetPlatformManager: Display: Loaded TargetPlatform 'Android_DXTClient'
[2022.04.22-09.24.33:227][  0]LogTargetPlatformManager: Display: Loaded TargetPlatform 'Android_ETC2Client'
[2022.04.22-09.24.33:227][  0]LogTargetPlatformManager: Display: Loaded TargetPlatform 'Android_Multi'
[2022.04.22-09.24.33:227][  0]LogTargetPlatformManager: Display: Loaded TargetPlatform 'Android_MultiClient'
[2022.04.22-09.24.33:326][  0]LogTargetPlatformManager: Display: Loaded TargetPlatform 'IOSClient'
[2022.04.22-09.24.33:326][  0]LogTargetPlatformManager: Display: Loaded TargetPlatform 'IOS'
[2022.04.22-09.24.33:407][  0]LogTargetPlatformManager: Display: Loaded TargetPlatform 'Linux'
[2022.04.22-09.24.33:444][  0]LogTargetPlatformManager: Display: Loaded TargetPlatform 'LinuxNoEditor'
[2022.04.22-09.24.33:471][  0]LogTargetPlatformManager: Display: Loaded TargetPlatform 'LinuxClient'
[2022.04.22-09.24.33:492][  0]LogTargetPlatformManager: Display: Loaded TargetPlatform 'LinuxServer'
[2022.04.22-09.24.33:533][  0]LogTargetPlatformManager: Display: Loaded TargetPlatform 'LinuxAArch64NoEditor'
[2022.04.22-09.24.33:567][  0]LogTargetPlatformManager: Display: Loaded TargetPlatform 'LinuxAArch64Client'
[2022.04.22-09.24.33:586][  0]LogTargetPlatformManager: Display: Loaded TargetPlatform 'LinuxAArch64Server'
[2022.04.22-09.24.33:660][  0]LogTargetPlatformManager: Display: Loaded TargetPlatform 'Lumin'
[2022.04.22-09.24.33:660][  0]LogTargetPlatformManager: Display: Loaded TargetPlatform 'LuminClient'
[2022.04.22-09.24.33:678][  0]LogTargetPlatformManager: Display: Loaded TargetPlatform 'MacNoEditor'
[2022.04.22-09.24.33:704][  0]LogTargetPlatformManager: Display: Loaded TargetPlatform 'Mac'
[2022.04.22-09.24.33:721][  0]LogTargetPlatformManager: Display: Loaded TargetPlatform 'MacClient'
[2022.04.22-09.24.33:742][  0]LogTargetPlatformManager: Display: Loaded TargetPlatform 'MacServer'
[2022.04.22-09.24.33:778][  0]LogTargetPlatformManager: Display: Loaded TargetPlatform 'TVOSClient'
[2022.04.22-09.24.33:778][  0]LogTargetPlatformManager: Display: Loaded TargetPlatform 'TVOS'
[2022.04.22-09.24.33:815][  0]LogTargetPlatformManager: Display: Loaded TargetPlatform 'WindowsNoEditor'
[2022.04.22-09.24.33:840][  0]LogTargetPlatformManager: Display: Loaded TargetPlatform 'Windows'
[2022.04.22-09.24.33:861][  0]LogTargetPlatformManager: Display: Loaded TargetPlatform 'WindowsClient'
[2022.04.22-09.24.33:967][  0]LogTargetPlatformManager: Display: Loaded TargetPlatform 'WindowsServer'
[2022.04.22-09.24.33:967][  0]LogTargetPlatformManager: Display: Building Assets For Windows
[2022.04.22-09.24.35:473][  0]LogAudioDebug: Display: Lib vorbis DLL was dynamically loaded.
[2022.04.22-09.24.36:894][  0]LogTextureFormatOodle: Display: Oodle Texture 2.9.0 init RDO Off
[2022.04.22-09.24.39:919][  0]LogRendererCore: Ray tracing is disabled. Reason: r.RayTracing=0.
[2022.04.22-09.24.39:920][  0]LogShaderCompilers: Guid format shader working directory is -23 characters bigger than the processId version (../../../../../../Unreal Projects/unreal-fetch-main/UnrealFetchDevApp/Intermediate/Shaders/WorkingDirectory/5744/).
[2022.04.22-09.24.39:920][  0]LogShaderCompilers: Cleaned the shader compiler working directory 'C:/Users/JHSim/AppData/Local/Temp/UnrealShaderWorkingDir/EF8B68594EFB15590155D2AF891455DA/'.
[2022.04.22-09.24.39:922][  0]LogXGEController: Cannot use XGE Controller as Incredibuild is not installed on this machine.
[2022.04.22-09.24.39:922][  0]LogShaderCompilers: Cannot use XGE Shader Compiler as Incredibuild is not installed on this machine.
[2022.04.22-09.24.39:923][  0]LogShaderCompilers: Display: Using Local Shader Compiler.
[2022.04.22-09.24.48:681][  0]LogDerivedDataCache: Display: Max Cache Size: 512 MB
[2022.04.22-09.24.50:121][  0]LogDerivedDataCache: Loaded boot cache 1.44s 94MB C:/Users/JHSim/AppData/Local/UnrealEngine/4.27/DerivedDataCache/Boot.ddc.
[2022.04.22-09.24.50:121][  0]LogDerivedDataCache: Display: Loaded Boot cache: C:/Users/JHSim/AppData/Local/UnrealEngine/4.27/DerivedDataCache/Boot.ddc
[2022.04.22-09.24.50:121][  0]LogDerivedDataCache: FDerivedDataBackendGraph:  Pak pak cache file ../../../../../../Unreal Projects/unreal-fetch-main/UnrealFetchDevApp/DerivedDataCache/DDC.ddp not found, will not use a pak cache.
[2022.04.22-09.24.50:121][  0]LogDerivedDataCache: Unable to find inner node Pak for hierarchical cache Hierarchy.
[2022.04.22-09.24.50:121][  0]LogDerivedDataCache: FDerivedDataBackendGraph:  CompressedPak pak cache file ../../../../../../Unreal Projects/unreal-fetch-main/UnrealFetchDevApp/DerivedDataCache/Compressed.ddp not found, will not use a pak cache.
[2022.04.22-09.24.50:121][  0]LogDerivedDataCache: Unable to find inner node CompressedPak for hierarchical cache Hierarchy.
[2022.04.22-09.24.50:231][  0]LogDerivedDataCache: Display: Pak cache opened for reading ../../../Engine/DerivedDataCache/Compressed.ddp.
[2022.04.22-09.24.50:231][  0]LogDerivedDataCache: FDerivedDataBackendGraph:  EnterprisePak pak cache file ../../../Enterprise/DerivedDataCache/Compressed.ddp not found, will not use a pak cache.
[2022.04.22-09.24.50:231][  0]LogDerivedDataCache: Unable to find inner node EnterprisePak for hierarchical cache Hierarchy.
[2022.04.22-09.24.50:654][  0]LogDerivedDataCache: Speed tests for C:/Users/JHSim/AppData/Local/UnrealEngine/Common/DerivedDataCache took 0.42 seconds
[2022.04.22-09.24.50:654][  0]LogDerivedDataCache: Display: Performance to C:/Users/JHSim/AppData/Local/UnrealEngine/Common/DerivedDataCache: Latency=0.32ms. RandomReadSpeed=2.51MBs, RandomWriteSpeed=19.38MBs. Assigned SpeedClass 'Local'
[2022.04.22-09.24.50:657][  0]LogDerivedDataCache: Using Local data cache path C:/Users/JHSim/AppData/Local/UnrealEngine/Common/DerivedDataCache: Writable
[2022.04.22-09.24.50:657][  0]LogDerivedDataCache: Shared data cache path not found in *engine.ini, will not use an Shared cache.
[2022.04.22-09.24.50:658][  0]LogDerivedDataCache: Unable to find inner node Shared for hierarchical cache Hierarchy.
[2022.04.22-09.24.50:751][  0]LogSlate: Using FreeType 2.10.0
[2022.04.22-09.24.50:779][  0]LogSlate: SlateFontServices - WITH_FREETYPE: 1, WITH_HARFBUZZ: 1
[2022.04.22-09.24.51:343][  0]LogAssetRegistry: FAssetRegistry took 0.0045 seconds to start up
[2022.04.22-09.24.53:583][  0]LogInit: Selected Device Profile: [Windows]
[2022.04.22-09.24.53:583][  0]LogInit: Active device profile: [0000000030574F00][00000000316A5640 49] Windows
[2022.04.22-09.24.53:583][  0]LogInit: Profiles: [0000000030574F00][00000000316A5640 49] Windows, [000000003053A400][00000000316AD7C0 49] WindowsNoEditor, [0000000030575F00][00000000316B1940 49] WindowsServer, [0000000030539600][00000000316B5AC0 49] WindowsClient, [0000000030575000][00000000316B80C0 49] IOS, [000000003053BA00][00000000316BC240 49] iPadAir, [0000000030577300][00000000316C03C0 49] iPadAir2, [00000000304E9300][00000000316C8680 49] IPadPro, [00000000304E9400][00000000316C46C0 49] iPadAir3, [0000000030538B00][00000000316CC840 49] iPadAir4, [00000000304EA100][00000000316D09C0 49] iPadMini2, [000000003053B400][00000000316D4B40 49] iPadMini3, [00000000304EAC00][00000000316D8CC0 49] iPadMini4, [000000003053A700][00000000316A8E00 49] iPadMini5, [0000000030514E00][00000000316E1040 49] iPhone6, [0000000030514F00][00000000316DD080 49] iPodTouch6, [0000000030576800][00000000316ED300 49] iPhone7, [0000000030576900][00000000316E5340 49] iPodTouch7, [00000000304E8C00][00000000316F14C0 49] iPhone5S, [0000000030575300][00000000316F5640 49] iPhone6Plus, [00000000304EAA00][00000000316F97C0 49] iPhone6S, [0000000030576D00][00000000316FD940 49] iPhone6SPlus, [0000000030514100][0000000031701AC0 49] iPhone7Plus, [00000000304E9D00][00000000317040C0 49] iPhoneSE, [0000000030514C00][0000000031708240 49] iPhone8, [00000000304E8400][000000003170C3C0 49] iPhone8Plus, [0000000030516A00][0000000031710540 49] iPhoneX, [00000000304EBC00][00000000317146C0 49] iPhoneXS, [0000000030516900][0000000031718840 49] iPhoneXSMax, [00000000304E8B00][000000003171C9C0 49] iPhoneXR, [0000000030577800][0000000031720B40 49] iPhone11, [00000000304EBD00][0000000031724CC0 49] iPhone11Pro, [0000000030575C00][0000000031728E40 49] iPhone11ProMax, [00000000304E9100][00000000316E8F80 49] iPhoneSE2, [0000000030575200][000000003172D0C0 49] iPhone12Mini, [00000000304EB100][0000000031731200 49] iPhone12, [0000000030574900][0000000031735340 49] iPhone12Pro, [00000000304E8D00][000000003173D4C0 49] iPhone12ProMax, [0000000030577C00][0000000031741640 49] iPadPro105, [00000000304EB700][00000000317457C0 49] iPadPro129, [0000000030577000][0000000031749940 49] iPadPro97, [00000000304E8F00][000000003174DAC0 49] iPadPro2_129, [0000000030574C00][00000000317500C0 49] iPad5, [00000000304EBB00][0000000031754240 49] iPad6, [0000000030574400][00000000317583C0 49] iPad7, [00000000304EBE00][000000003175C540 49] iPad8, [0000000030575B00][00000000317606C0 49] iPadPro11, [00000000304EA400][0000000031764840 49] iPadPro2_11, [0000000030574800][00000000317689C0 49] iPadPro3_129, [00000000304EA800][000000003176CB40 49] iPadPro4_129, [0000000030576F00][0000000031770CC0 49] AppleTV, [00000000304E9200][0000000031774E40 49] AppleTV4K, [0000000030575700][0000000031778FC0 49] TVOS, [00000000304EB600][000000003177D140 49] Mac, [0000000030577A00][0000000031739280 49] MacClient, [00000000304EA500][00000000317813C0 49] MacNoEditor, [0000000030574500][0000000031785500 49] MacServer, [00000000304EA000][000000003178D680 49] Linux, [0000000030577B00][0000000031791800 49] LinuxAArch64, [00000000304E8300][0000000031795980 49] LinuxNoEditor, [0000000030577700][0000000031799B00 49] LinuxAArch64NoEditor, [00000000304EA600][000000003179C100 49] LinuxClient, [0000000030576600][00000000317A0280 49] LinuxAArch64Client, [00000000304E9A00][00000000317A4400 49] LinuxServer, [0000000030574200][00000000317A8580 49] LinuxAArch64Server, [00000000304E9600][00000000317AC700 49] Android, [0000000030576100][00000000317B0880 49] Android_Low, [00000000304EB800][00000000317B4A00 49] Android_Mid, [0000000030574600][00000000317B8B80 49] Android_High, [00000000304EA300][00000000317BCD00 49] Android_Default, [0000000030576300][00000000317C0E80 49] Android_Adreno4xx, [00000000304EB000][00000000317C5000 49] Android_Adreno5xx_Low, [0000000030576A00][00000000317C9180 49] Android_Adreno5xx, [00000000304E8100][00000000317CD300 49] Android_Adreno6xx, [0000000030574B00][0000000031789440 49] Android_Adreno6xx_Vulkan, [00000000304E8A00][00000000317D1580 49] Android_Mali_T6xx, [0000000030574700][00000000317D56C0 49] Android_Mali_T7xx, [0000000030539A00][00000000317DD840 49] Android_Mali_T8xx, [0000000030514300][00000000317E19C0 49] Android_Mali_G71, [0000000030538600][00000000317E5B40 49] Android_Mali_G72, [0000000030515200][00000000317E8140 49] Android_Mali_G72_Vulkan, [000000003053BD00][00000000317EC2C0 49] Android_Mali_G76, [0000000030514700][00000000317F0440 49] Android_Mali_G76_Vulkan, [000000003053BC00][00000000317F45C0 49] Android_Mali_G77, [0000000030517B00][00000000317F8740 49] Android_Mali_G77_Vulkan, [0000000030539B00][00000000317FC8C0 49] Android_Mali_G78, [0000000030517100][0000000031800A40 49] Android_Mali_G78_Vulkan, [000000003053B900][0000000031804BC0 49] Android_Mali_G710, [0000000030516C00][0000000031808D40 49] Android_Mali_G710_Vulkan, [000000003053B600][000000003180CEC0 49] Android_Vulkan_SM5, [0000000030517800][0000000031811040 49] Android_PowerVR_G6xxx, [0000000030539900][00000000318151C0 49] Android_PowerVR_GT7xxx, [0000000030515D00][0000000031819340 49] Android_PowerVR_GE8xxx, [000000003053AD00][000000003181D4C0 49] Android_PowerVR_GM9xxx, [0000000030514800][00000000317D9600 49] Android_PowerVR_GM9xxx_Vulkan, [0000000030539C00][0000000031821740 49] Android_TegraK1, [0000000030515000][0000000031825880 49] Android_Unknown_Vulkan, [000000003053A300][00000000318299C0 49] Lumin, [0000000030517E00][0000000031831B40 49] Lumin_Desktop, [000000003053AB00][0000000031834140 49] HoloLens, 
[2022.04.22-09.24.59:755][  0]LogMeshReduction: Using QuadricMeshReduction for automatic static mesh reduction
[2022.04.22-09.24.59:755][  0]LogMeshReduction: Using SimplygonMeshReduction for automatic skeletal mesh reduction
[2022.04.22-09.24.59:755][  0]LogMeshReduction: Using ProxyLODMeshReduction for automatic mesh merging
[2022.04.22-09.24.59:755][  0]LogMeshReduction: No distributed automatic mesh merging module available
[2022.04.22-09.24.59:964][  0]LogMeshMerging: No distributed automatic mesh merging module available
[2022.04.22-09.25.00:110][  0]LogNetVersion: UnrealFetchDevApp 1.0.0, NetCL: 17155196, EngineNetVer: 17, GameNetVer: 0 (Checksum: 4096764213)
[2022.04.22-09.25.13:211][  0]LogTexture: Default maximum texture size for cubemaps generated from long-lat sources has been changed from 512 to unlimited. In order to preserve old behaiour for '/Engine/MapTemplates/Sky/DaylightAmbientCubemap.DaylightAmbientCubemap', its maximum texture size has been explicitly set to 512.
[2022.04.22-09.25.13:465][  0]LogHMD: PokeAHoleMaterial loaded successfully
[2022.04.22-09.25.13:510][  0]LogUObjectArray: 17178 objects as part of root set at end of initial load.
[2022.04.22-09.25.13:511][  0]LogUObjectAllocator: 4302048 out of 0 bytes used by permanent object pool.
[2022.04.22-09.25.13:511][  0]LogUObjectArray: CloseDisregardForGC: 0/0 objects in disregard for GC pool
[2022.04.22-09.25.17:155][  0]LogNiagaraDebuggerClient: Niagara Debugger Client Initialized | Session: 358135014A64C31BD6B05A9764934C9F | Instance: 6EC520444292BC4593006EBCFA3D4818 (JHSIM-PC-5744).
[2022.04.22-09.25.18:290][  0]LogPython: Using Python 3.7.7
[2022.04.22-09.25.20:252][  0]LogTcpMessaging: Initializing TcpMessaging bridge
[2022.04.22-09.25.20:398][  0]LogUdpMessaging: Initializing bridge on interface 0.0.0.0:0 to multicast group 230.0.0.1:6666.
[2022.04.22-09.25.22:033][  0]LogLinker: Warning: Failed to load '/Game/2DSideScrollerBP/2DSideScrollerOverview': Can't find file.
[2022.04.22-09.25.22:033][  0]LogLinker: Warning: Failed to load '/Game/2DSideScrollerBP/2DSideScrollerOverview': Can't find file.
[2022.04.22-09.25.22:033][  0]LogUObjectGlobals: Warning: Failed to find object 'Class /Game/2DSideScrollerBP/2DSideScrollerOverview.2DSideScrollerOverview_C'
[2022.04.22-09.25.23:351][  0]SourceControl: Source control is disabled
[2022.04.22-09.25.23:359][  0]SourceControl: Source control is disabled
[2022.04.22-09.25.23:555][  0]SourceControl: Source control is disabled
[2022.04.22-09.25.23:583][  0]SourceControl: Source control is disabled
[2022.04.22-09.25.23:703][  0]SourceControl: Source control is disabled
[2022.04.22-09.25.23:759][  0]LogUProjectInfo: Found projects:
[2022.04.22-09.25.26:850][  0]LogOpenImageDenoise: OIDN starting up
[2022.04.22-09.25.27:227][  0]LogAndroidPermission: UAndroidPermissionCallbackProxy::GetInstance
[2022.04.22-09.25.27:446][  0]LogAudioCaptureCore: Display: No Audio Capture implementations found. Audio input will be silent.
[2022.04.22-09.25.27:446][  0]LogAudioCaptureCore: Display: No Audio Capture implementations found. Audio input will be silent.
[2022.04.22-09.25.28:166][  0]LogCollectionManager: Loaded 0 collections in 0.002866 seconds
[2022.04.22-09.25.28:204][  0]LogFileCache: Scanning file cache for directory 'C:/Unreal Projects/unreal-fetch-main/UnrealFetchDevApp/Saved/Collections/' took 0.00s
[2022.04.22-09.25.28:204][  0]LogFileCache: Scanning file cache for directory 'C:/Unreal Projects/unreal-fetch-main/UnrealFetchDevApp/Content/Developers/JHSim/Collections/' took 0.00s
[2022.04.22-09.25.28:204][  0]LogFileCache: Scanning file cache for directory 'C:/Unreal Projects/unreal-fetch-main/UnrealFetchDevApp/Content/Collections/' took 0.00s
[2022.04.22-09.25.28:415][  0]LogOcInput: OculusInput pre-init called
[2022.04.22-09.25.30:436][  0]LogClass: Warning: ObjectProperty FFetchJsonOptions::Body is not initialized properly. Module:Fetch File:Public/Types.h
[2022.04.22-09.25.30:446][  0]LogClass: Display: 1 Uninitialized script struct members found including 1 object properties
[2022.04.22-09.25.30:451][  0]LogAutomationTest: Warning: ObjectProperty FFetchJsonOptions::Body is not initialized properly. Module:Fetch File:Public/Types.h
[2022.04.22-09.25.30:459][  0]LogEngine: Initializing Engine...
[2022.04.22-09.25.30:510][  0]LogHMD: Failed to enumerate extensions. Please check that you have a valid OpenXR runtime installed.
[2022.04.22-09.25.30:511][  0]LogHMD: Failed to initialize OpenVR with code 110
[2022.04.22-09.25.30:511][  0]LogMagicLeap: Warning: VR disabled because ZI is not enabled.  To enable, in the editor, Edit -> Project Settings -> Plugins -> Magic Leap Plugin -> Enable Zero Iteration
[2022.04.22-09.25.30:525][  0]LogStats: UGameplayTagsManager::InitializeManager -  0.001 s
[2022.04.22-09.25.30:779][  0]LogInit: Initializing FReadOnlyCVARCache
[2022.04.22-09.25.31:139][  0]LogAIModule: Creating AISystem for world Untitled
[2022.04.22-09.25.31:142][  0]LogAudio: Display: Initializing Audio Device Manager...
[2022.04.22-09.25.31:189][  0]LogAudio: Display: Loading Default Audio Settings Objects...
[2022.04.22-09.25.31:193][  0]LogAudio: Display: No default SoundConcurrencyObject specified (or failed to load).
[2022.04.22-09.25.31:195][  0]LogAudio: Display: Audio Device Manager Initialized
[2022.04.22-09.25.31:195][  0]LogAudio: Display: Creating Audio Device:                 Id: 1, Scope: Shared, Realtime: True
[2022.04.22-09.25.31:195][  0]LogAudioMixer: Display: Audio Mixer Platform Settings:
[2022.04.22-09.25.31:195][  0]LogAudioMixer: Display: 	Sample Rate:						  48000
[2022.04.22-09.25.31:195][  0]LogAudioMixer: Display: 	Callback Buffer Frame Size Requested: 1024
[2022.04.22-09.25.31:195][  0]LogAudioMixer: Display: 	Callback Buffer Frame Size To Use:	  1024
[2022.04.22-09.25.31:195][  0]LogAudioMixer: Display: 	Number of buffers to queue:			  2
[2022.04.22-09.25.31:195][  0]LogAudioMixer: Display: 	Max Channels (voices):				  32
[2022.04.22-09.25.31:195][  0]LogAudioMixer: Display: 	Number of Async Source Workers:		  0
[2022.04.22-09.25.31:196][  0]LogAudio: Display: AudioDevice MaxSources: 32
[2022.04.22-09.25.31:197][  0]LogAudio: Display: Audio Spatialization Plugin: None (built-in).
[2022.04.22-09.25.31:197][  0]LogAudio: Display: Audio Reverb Plugin: None (built-in).
[2022.04.22-09.25.31:197][  0]LogAudio: Display: Audio Occlusion Plugin: None (built-in).
[2022.04.22-09.25.31:197][  0]LogAudioMixer: Display: Initializing audio mixer.
[2022.04.22-09.25.31:355][  0]LogAudioMixer: Display: 0: FrontLeft
[2022.04.22-09.25.31:355][  0]LogAudioMixer: Display: 1: FrontRight
[2022.04.22-09.25.32:506][  0]LogAudioMixer: Display: Using Audio Device 스피커 및 헤드폰(IDT High Definition Audio CODEC)
[2022.04.22-09.25.32:507][  0]LogAudioMixer: Display: Initializing Sound Submixes...
[2022.04.22-09.25.32:512][  0]LogAudioMixer: Display: Creating Master Submix 'MasterSubmixDefault'
[2022.04.22-09.25.32:512][  0]LogAudioMixer: Display: Creating Master Submix 'MasterReverbSubmixDefault'
[2022.04.22-09.25.32:513][  0]LogAudioMixer: Display: Creating Master Submix 'MasterEQSubmixDefault'
[2022.04.22-09.25.32:513][  0]LogAudioMixer: FMixerPlatformXAudio2::StartAudioStream() called
[2022.04.22-09.25.32:513][  0]LogAudioMixer: Display: Output buffers initialized: Frames=1024, Channels=2, Samples=2048
[2022.04.22-09.25.32:515][  0]LogAudioMixer: Display: Starting AudioMixerPlatformInterface::RunInternal()
[2022.04.22-09.25.32:515][  0]LogAudioMixer: Display: FMixerPlatformXAudio2::SubmitBuffer() called for the first time
[2022.04.22-09.25.32:515][  0]LogInit: FAudioDevice initialized.
[2022.04.22-09.25.32:515][  0]LogAudio: Display: Audio Device (ID: 1) registered with world 'Untitled'.
[2022.04.22-09.25.32:515][  0]LogNetVersion: Set ProjectVersion to 1.0.0.0. Version Checksum will be recalculated on next use.
[2022.04.22-09.25.32:800][  0]LogDerivedDataCache: Saved boot cache 0.28s 94MB C:/Users/JHSim/AppData/Local/UnrealEngine/4.27/DerivedDataCache/Boot.ddc.
[2022.04.22-09.25.32:801][  0]LogInit: Texture streaming: Enabled
[2022.04.22-09.25.32:988][  0]LogAnalytics: Display: [UEEditor.Rocket.Release] APIServer = https://datarouter.ol.epicgames.com/. AppVersion = 4.27.2-18319896+++UE4+Release-4.27
[2022.04.22-09.25.33:027][  0]LogEngineSessionManager: EngineSessionManager initialized
[2022.04.22-09.25.33:027][  0]LogEditorSessionSummary: Verbose: Initializing EditorSessionSummaryWriter for editor session tracking
[2022.04.22-09.25.33:046][  0]LogEditorSessionSummary: EditorSessionSummaryWriter initialized
[2022.04.22-09.25.33:227][  0]LogInit: Transaction tracking system initialized
[2022.04.22-09.25.33:581][  0]BlueprintLog: New page: Editor Load
[2022.04.22-09.25.35:207][  0]LocalizationService: Localization service is disabled
[2022.04.22-09.25.35:776][  0]TimingProfiler: Initialize
[2022.04.22-09.25.35:777][  0]TimingProfiler: OnSessionChanged
[2022.04.22-09.25.35:777][  0]LoadingProfiler: Initialize
[2022.04.22-09.25.35:778][  0]LoadingProfiler: OnSessionChanged
[2022.04.22-09.25.35:778][  0]NetworkingProfiler: Initialize
[2022.04.22-09.25.35:787][  0]NetworkingProfiler: OnSessionChanged
[2022.04.22-09.25.35:787][  0]MemoryProfiler: Initialize
[2022.04.22-09.25.35:788][  0]MemoryProfiler: OnSessionChanged
[2022.04.22-09.25.37:091][  0]LogCook: Display: CookSettings for Memory: MemoryMaxUsedVirtual 0MiB, MemoryMaxUsedPhysical 16384MiB, MemoryMinFreeVirtual 0MiB, MemoryMinFreePhysical 1024MiB
[2022.04.22-09.25.37:091][  0]LogCook: Display: Mobile HDR setting 1
[2022.04.22-09.25.37:826][  0]LogFileCache: Scanning file cache for directory 'C:/Unreal Projects/unreal-fetch-main/UnrealFetchDevApp/Content/' took 0.00s
[2022.04.22-09.25.40:440][  0]LogInit: Display: Engine is initialized. Leaving FEngineLoop::Init()
[2022.04.22-09.25.40:490][  0]SourceControl: Source control is disabled
[2022.04.22-09.25.40:491][  0]LogUnrealEdMisc: Loading editor; pre map load, took 356.027
[2022.04.22-09.25.40:491][  0]Cmd: MAP LOAD FILE="../../../../../../Unreal Projects/unreal-fetch-main/UnrealFetchDevApp/Content/DefaultMap.umap" TEMPLATE=0 SHOWPROGRESS=1 FEATURELEVEL=3
[2022.04.22-09.25.40:491][  0]LightingResults: New page: Lighting Build
[2022.04.22-09.25.40:520][  0]LogWorld: UWorld::CleanupWorld for Untitled, bSessionEnded=true, bCleanupResources=true
[2022.04.22-09.25.40:546][  0]LogSlate: InvalidateAllWidgets triggered.  All widgets were invalidated
[2022.04.22-09.25.40:559][  0]MapCheck: New page: Map Check
[2022.04.22-09.25.40:559][  0]LightingResults: New page: Lighting Build
[2022.04.22-09.25.40:598][  0]LogAudio: Display: Audio Device unregistered from world 'None'.
[2022.04.22-09.25.40:683][  0]LogUObjectHash: Compacting FUObjectHashTables data took   4.93ms
[2022.04.22-09.25.40:891][  0]LogAudio: Display: Audio Device (ID: 1) registered with world 'DefaultMap'.
[2022.04.22-09.25.40:892][  0]LogAIModule: Creating AISystem for world DefaultMap
[2022.04.22-09.25.41:004][  0]LogEditorServer: Finished looking for orphan Actors (0.000 secs)
[2022.04.22-09.25.41:051][  0]LogUObjectHash: Compacting FUObjectHashTables data took   1.76ms
[2022.04.22-09.25.41:051][  0]Cmd: MAP CHECKDEP NOCLEARLOG
[2022.04.22-09.25.41:052][  0]MapCheck: Map check complete: 0 Error(s), 0 Warning(s), took 0.279ms to complete.
[2022.04.22-09.25.41:052][  0]LogFileHelpers: Loading map 'DefaultMap' took 0.561
[2022.04.22-09.25.41:115][  0]LogUnrealEdMisc: Total Editor Startup Time, took 356.652
[2022.04.22-09.25.41:353][  0]LogSlate: Updating window title bar state: overlay mode, drag disabled, window buttons hidden, title bar hidden
[2022.04.22-09.25.41:364][  0]LogSlate: Updating window title bar state: overlay mode, drag disabled, window buttons hidden, title bar hidden
[2022.04.22-09.25.41:374][  0]LogSlate: Updating window title bar state: overlay mode, drag disabled, window buttons hidden, title bar hidden
[2022.04.22-09.25.41:384][  0]LogSlate: Updating window title bar state: overlay mode, drag disabled, window buttons hidden, title bar hidden
[2022.04.22-09.25.41:455][  0]LogNativeClassHierarchy: Verbose: Native class hierarchy populated in 0.0174 seconds. Added 3837 classes and 944 folders.
[2022.04.22-09.25.41:544][  0]LogNativeClassHierarchy: Verbose: Native class hierarchy updated for 'WidgetCarousel' in 0.0011 seconds. Added 0 classes and 0 folders.
[2022.04.22-09.25.41:605][  0]LogPakFile: PakFile PrimaryIndexSize=187
[2022.04.22-09.25.41:605][  0]LogPakFile: PakFile PathHashIndexSize=101
[2022.04.22-09.25.41:605][  0]LogPakFile: PakFile FullDirectoryIndexSize=148
[2022.04.22-09.25.41:605][  0]LogShaderLibrary: Display: ShaderCodeLibraryPakFileMountedCallback: PakFile 'C:/Program Files/Epic Games/UE_4.27/FeaturePacks/FP_FirstPerson.upack' (chunk index -1, root 'root:/') mounted
[2022.04.22-09.25.41:605][  0]LogShaderLibrary: Display: ShaderCodeLibraryPakFileMountedCallback: pending pak file info (ChunkID:-1 Root:root:/ File:C:/Program Files/Epic Games/UE_4.27/FeaturePacks/FP_FirstPerson.upack)
[2022.04.22-09.25.41:606][  0]LogPakFile: OnPakFileMounted2Time == 0.000312
[2022.04.22-09.25.41:620][  0]LogPakFile: PakFile PrimaryIndexSize=189
[2022.04.22-09.25.41:620][  0]LogPakFile: PakFile PathHashIndexSize=101
[2022.04.22-09.25.41:620][  0]LogPakFile: PakFile FullDirectoryIndexSize=152
[2022.04.22-09.25.41:620][  0]LogShaderLibrary: Display: ShaderCodeLibraryPakFileMountedCallback: PakFile 'C:/Program Files/Epic Games/UE_4.27/FeaturePacks/FP_FirstPersonBP.upack' (chunk index -1, root 'root:/') mounted
[2022.04.22-09.25.41:620][  0]LogShaderLibrary: Display: ShaderCodeLibraryPakFileMountedCallback: pending pak file info (ChunkID:-1 Root:root:/ File:C:/Program Files/Epic Games/UE_4.27/FeaturePacks/FP_FirstPersonBP.upack)
[2022.04.22-09.25.41:621][  0]LogPakFile: OnPakFileMounted2Time == 0.000241
[2022.04.22-09.25.41:634][  0]LogPakFile: PakFile PrimaryIndexSize=191
[2022.04.22-09.25.41:634][  0]LogPakFile: PakFile PathHashIndexSize=101
[2022.04.22-09.25.41:634][  0]LogPakFile: PakFile FullDirectoryIndexSize=160
[2022.04.22-09.25.41:634][  0]LogShaderLibrary: Display: ShaderCodeLibraryPakFileMountedCallback: PakFile 'C:/Program Files/Epic Games/UE_4.27/FeaturePacks/MobileStarterContent.upack' (chunk index -1, root 'root:/') mounted
[2022.04.22-09.25.41:634][  0]LogShaderLibrary: Display: ShaderCodeLibraryPakFileMountedCallback: pending pak file info (ChunkID:-1 Root:root:/ File:C:/Program Files/Epic Games/UE_4.27/FeaturePacks/MobileStarterContent.upack)
[2022.04.22-09.25.41:634][  0]LogPakFile: OnPakFileMounted2Time == 0.000208
[2022.04.22-09.25.41:646][  0]LogPakFile: PakFile PrimaryIndexSize=185
[2022.04.22-09.25.41:647][  0]LogPakFile: PakFile PathHashIndexSize=101
[2022.04.22-09.25.41:647][  0]LogPakFile: PakFile FullDirectoryIndexSize=148
[2022.04.22-09.25.41:647][  0]LogShaderLibrary: Display: ShaderCodeLibraryPakFileMountedCallback: PakFile 'C:/Program Files/Epic Games/UE_4.27/FeaturePacks/StarterContent.upack' (chunk index -1, root 'root:/') mounted
[2022.04.22-09.25.41:647][  0]LogShaderLibrary: Display: ShaderCodeLibraryPakFileMountedCallback: pending pak file info (ChunkID:-1 Root:root:/ File:C:/Program Files/Epic Games/UE_4.27/FeaturePacks/StarterContent.upack)
[2022.04.22-09.25.41:647][  0]LogPakFile: OnPakFileMounted2Time == 0.000228
[2022.04.22-09.25.41:663][  0]LogPakFile: PakFile PrimaryIndexSize=190
[2022.04.22-09.25.41:663][  0]LogPakFile: PakFile PathHashIndexSize=101
[2022.04.22-09.25.41:663][  0]LogPakFile: PakFile FullDirectoryIndexSize=154
[2022.04.22-09.25.41:663][  0]LogShaderLibrary: Display: ShaderCodeLibraryPakFileMountedCallback: PakFile 'C:/Program Files/Epic Games/UE_4.27/FeaturePacks/TP_2DSideScroller.upack' (chunk index -1, root 'root:/') mounted
[2022.04.22-09.25.41:663][  0]LogShaderLibrary: Display: ShaderCodeLibraryPakFileMountedCallback: pending pak file info (ChunkID:-1 Root:root:/ File:C:/Program Files/Epic Games/UE_4.27/FeaturePacks/TP_2DSideScroller.upack)
[2022.04.22-09.25.41:663][  0]LogPakFile: OnPakFileMounted2Time == 0.000232
[2022.04.22-09.25.41:675][  0]LogPakFile: PakFile PrimaryIndexSize=192
[2022.04.22-09.25.41:675][  0]LogPakFile: PakFile PathHashIndexSize=101
[2022.04.22-09.25.41:675][  0]LogPakFile: PakFile FullDirectoryIndexSize=158
[2022.04.22-09.25.41:675][  0]LogShaderLibrary: Display: ShaderCodeLibraryPakFileMountedCallback: PakFile 'C:/Program Files/Epic Games/UE_4.27/FeaturePacks/TP_2DSideScrollerBP.upack' (chunk index -1, root 'root:/') mounted
[2022.04.22-09.25.41:675][  0]LogShaderLibrary: Display: ShaderCodeLibraryPakFileMountedCallback: pending pak file info (ChunkID:-1 Root:root:/ File:C:/Program Files/Epic Games/UE_4.27/FeaturePacks/TP_2DSideScrollerBP.upack)
[2022.04.22-09.25.41:675][  0]LogPakFile: OnPakFileMounted2Time == 0.000094
[2022.04.22-09.25.41:684][  0]LogPakFile: PakFile PrimaryIndexSize=182
[2022.04.22-09.25.41:684][  0]LogPakFile: PakFile PathHashIndexSize=101
[2022.04.22-09.25.41:684][  0]LogPakFile: PakFile FullDirectoryIndexSize=138
[2022.04.22-09.25.41:684][  0]LogShaderLibrary: Display: ShaderCodeLibraryPakFileMountedCallback: PakFile 'C:/Program Files/Epic Games/UE_4.27/FeaturePacks/TP_Flying.upack' (chunk index -1, root 'root:/') mounted
[2022.04.22-09.25.41:684][  0]LogShaderLibrary: Display: ShaderCodeLibraryPakFileMountedCallback: pending pak file info (ChunkID:-1 Root:root:/ File:C:/Program Files/Epic Games/UE_4.27/FeaturePacks/TP_Flying.upack)
[2022.04.22-09.25.41:684][  0]LogPakFile: OnPakFileMounted2Time == 0.000092
[2022.04.22-09.25.41:700][  0]LogPakFile: PakFile PrimaryIndexSize=184
[2022.04.22-09.25.41:700][  0]LogPakFile: PakFile PathHashIndexSize=101
[2022.04.22-09.25.41:700][  0]LogPakFile: PakFile FullDirectoryIndexSize=142
[2022.04.22-09.25.41:700][  0]LogShaderLibrary: Display: ShaderCodeLibraryPakFileMountedCallback: PakFile 'C:/Program Files/Epic Games/UE_4.27/FeaturePacks/TP_FlyingBP.upack' (chunk index -1, root 'root:/') mounted
[2022.04.22-09.25.41:700][  0]LogShaderLibrary: Display: ShaderCodeLibraryPakFileMountedCallback: pending pak file info (ChunkID:-1 Root:root:/ File:C:/Program Files/Epic Games/UE_4.27/FeaturePacks/TP_FlyingBP.upack)
[2022.04.22-09.25.41:700][  0]LogPakFile: OnPakFileMounted2Time == 0.000065
[2022.04.22-09.25.41:726][  0]LogPakFile: PakFile PrimaryIndexSize=188
[2022.04.22-09.25.41:726][  0]LogPakFile: PakFile PathHashIndexSize=101
[2022.04.22-09.25.41:726][  0]LogPakFile: PakFile FullDirectoryIndexSize=150
[2022.04.22-09.25.41:726][  0]LogShaderLibrary: Display: ShaderCodeLibraryPakFileMountedCallback: PakFile 'C:/Program Files/Epic Games/UE_4.27/FeaturePacks/TP_HandheldARBP.upack' (chunk index -1, root 'root:/') mounted
[2022.04.22-09.25.41:726][  0]LogShaderLibrary: Display: ShaderCodeLibraryPakFileMountedCallback: pending pak file info (ChunkID:-1 Root:root:/ File:C:/Program Files/Epic Games/UE_4.27/FeaturePacks/TP_HandheldARBP.upack)
[2022.04.22-09.25.41:726][  0]LogPakFile: OnPakFileMounted2Time == 0.000065
[2022.04.22-09.25.41:747][  0]LogPakFile: PakFile PrimaryIndexSize=182
[2022.04.22-09.25.41:747][  0]LogPakFile: PakFile PathHashIndexSize=101
[2022.04.22-09.25.41:747][  0]LogPakFile: PakFile FullDirectoryIndexSize=138
[2022.04.22-09.25.41:747][  0]LogShaderLibrary: Display: ShaderCodeLibraryPakFileMountedCallback: PakFile 'C:/Program Files/Epic Games/UE_4.27/FeaturePacks/TP_Puzzle.upack' (chunk index -1, root 'root:/') mounted
[2022.04.22-09.25.41:747][  0]LogShaderLibrary: Display: ShaderCodeLibraryPakFileMountedCallback: pending pak file info (ChunkID:-1 Root:root:/ File:C:/Program Files/Epic Games/UE_4.27/FeaturePacks/TP_Puzzle.upack)
[2022.04.22-09.25.41:747][  0]LogPakFile: OnPakFileMounted2Time == 0.000082
[2022.04.22-09.25.41:757][  0]LogPakFile: PakFile PrimaryIndexSize=184
[2022.04.22-09.25.41:757][  0]LogPakFile: PakFile PathHashIndexSize=101
[2022.04.22-09.25.41:757][  0]LogPakFile: PakFile FullDirectoryIndexSize=142
[2022.04.22-09.25.41:757][  0]LogShaderLibrary: Display: ShaderCodeLibraryPakFileMountedCallback: PakFile 'C:/Program Files/Epic Games/UE_4.27/FeaturePacks/TP_PuzzleBP.upack' (chunk index -1, root 'root:/') mounted
[2022.04.22-09.25.41:758][  0]LogShaderLibrary: Display: ShaderCodeLibraryPakFileMountedCallback: pending pak file info (ChunkID:-1 Root:root:/ File:C:/Program Files/Epic Games/UE_4.27/FeaturePacks/TP_PuzzleBP.upack)
[2022.04.22-09.25.41:758][  0]LogPakFile: OnPakFileMounted2Time == 0.000332
[2022.04.22-09.25.41:768][  0]LogPakFile: PakFile PrimaryIndexSize=183
[2022.04.22-09.25.41:769][  0]LogPakFile: PakFile PathHashIndexSize=101
[2022.04.22-09.25.41:769][  0]LogPakFile: PakFile FullDirectoryIndexSize=140
[2022.04.22-09.25.41:769][  0]LogShaderLibrary: Display: ShaderCodeLibraryPakFileMountedCallback: PakFile 'C:/Program Files/Epic Games/UE_4.27/FeaturePacks/TP_Rolling.upack' (chunk index -1, root 'root:/') mounted
[2022.04.22-09.25.41:769][  0]LogShaderLibrary: Display: ShaderCodeLibraryPakFileMountedCallback: pending pak file info (ChunkID:-1 Root:root:/ File:C:/Program Files/Epic Games/UE_4.27/FeaturePacks/TP_Rolling.upack)
[2022.04.22-09.25.41:769][  0]LogPakFile: OnPakFileMounted2Time == 0.000365
[2022.04.22-09.25.41:795][  0]LogPakFile: PakFile PrimaryIndexSize=185
[2022.04.22-09.25.41:795][  0]LogPakFile: PakFile PathHashIndexSize=101
[2022.04.22-09.25.41:796][  0]LogPakFile: PakFile FullDirectoryIndexSize=144
[2022.04.22-09.25.41:796][  0]LogShaderLibrary: Display: ShaderCodeLibraryPakFileMountedCallback: PakFile 'C:/Program Files/Epic Games/UE_4.27/FeaturePacks/TP_RollingBP.upack' (chunk index -1, root 'root:/') mounted
[2022.04.22-09.25.41:796][  0]LogShaderLibrary: Display: ShaderCodeLibraryPakFileMountedCallback: pending pak file info (ChunkID:-1 Root:root:/ File:C:/Program Files/Epic Games/UE_4.27/FeaturePacks/TP_RollingBP.upack)
[2022.04.22-09.25.41:796][  0]LogPakFile: OnPakFileMounted2Time == 0.000214
[2022.04.22-09.25.41:812][  0]LogPakFile: PakFile PrimaryIndexSize=188
[2022.04.22-09.25.41:812][  0]LogPakFile: PakFile PathHashIndexSize=101
[2022.04.22-09.25.41:812][  0]LogPakFile: PakFile FullDirectoryIndexSize=150
[2022.04.22-09.25.41:812][  0]LogShaderLibrary: Display: ShaderCodeLibraryPakFileMountedCallback: PakFile 'C:/Program Files/Epic Games/UE_4.27/FeaturePacks/TP_SideScroller.upack' (chunk index -1, root 'root:/') mounted
[2022.04.22-09.25.41:812][  0]LogShaderLibrary: Display: ShaderCodeLibraryPakFileMountedCallback: pending pak file info (ChunkID:-1 Root:root:/ File:C:/Program Files/Epic Games/UE_4.27/FeaturePacks/TP_SideScroller.upack)
[2022.04.22-09.25.41:812][  0]LogPakFile: OnPakFileMounted2Time == 0.000197
[2022.04.22-09.25.41:829][  0]LogPakFile: PakFile PrimaryIndexSize=190
[2022.04.22-09.25.41:829][  0]LogPakFile: PakFile PathHashIndexSize=101
[2022.04.22-09.25.41:829][  0]LogPakFile: PakFile FullDirectoryIndexSize=154
[2022.04.22-09.25.41:829][  0]LogShaderLibrary: Display: ShaderCodeLibraryPakFileMountedCallback: PakFile 'C:/Program Files/Epic Games/UE_4.27/FeaturePacks/TP_SideScrollerBP.upack' (chunk index -1, root 'root:/') mounted
[2022.04.22-09.25.41:829][  0]LogShaderLibrary: Display: ShaderCodeLibraryPakFileMountedCallback: pending pak file info (ChunkID:-1 Root:root:/ File:C:/Program Files/Epic Games/UE_4.27/FeaturePacks/TP_SideScrollerBP.upack)
[2022.04.22-09.25.41:830][  0]LogPakFile: OnPakFileMounted2Time == 0.000224
[2022.04.22-09.25.41:844][  0]LogPakFile: PakFile PrimaryIndexSize=187
[2022.04.22-09.25.41:844][  0]LogPakFile: PakFile PathHashIndexSize=101
[2022.04.22-09.25.41:844][  0]LogPakFile: PakFile FullDirectoryIndexSize=148
[2022.04.22-09.25.41:844][  0]LogShaderLibrary: Display: ShaderCodeLibraryPakFileMountedCallback: PakFile 'C:/Program Files/Epic Games/UE_4.27/FeaturePacks/TP_ThirdPerson.upack' (chunk index -1, root 'root:/') mounted
[2022.04.22-09.25.41:844][  0]LogShaderLibrary: Display: ShaderCodeLibraryPakFileMountedCallback: pending pak file info (ChunkID:-1 Root:root:/ File:C:/Program Files/Epic Games/UE_4.27/FeaturePacks/TP_ThirdPerson.upack)
[2022.04.22-09.25.41:844][  0]LogPakFile: OnPakFileMounted2Time == 0.000217
[2022.04.22-09.25.41:865][  0]LogPakFile: PakFile PrimaryIndexSize=189
[2022.04.22-09.25.41:865][  0]LogPakFile: PakFile PathHashIndexSize=101
[2022.04.22-09.25.41:865][  0]LogPakFile: PakFile FullDirectoryIndexSize=152
[2022.04.22-09.25.41:865][  0]LogShaderLibrary: Display: ShaderCodeLibraryPakFileMountedCallback: PakFile 'C:/Program Files/Epic Games/UE_4.27/FeaturePacks/TP_ThirdPersonBP.upack' (chunk index -1, root 'root:/') mounted
[2022.04.22-09.25.41:865][  0]LogShaderLibrary: Display: ShaderCodeLibraryPakFileMountedCallback: pending pak file info (ChunkID:-1 Root:root:/ File:C:/Program Files/Epic Games/UE_4.27/FeaturePacks/TP_ThirdPersonBP.upack)
[2022.04.22-09.25.41:865][  0]LogPakFile: OnPakFileMounted2Time == 0.000203
[2022.04.22-09.25.41:907][  0]LogPakFile: PakFile PrimaryIndexSize=183
[2022.04.22-09.25.41:907][  0]LogPakFile: PakFile PathHashIndexSize=101
[2022.04.22-09.25.41:907][  0]LogPakFile: PakFile FullDirectoryIndexSize=140
[2022.04.22-09.25.41:907][  0]LogShaderLibrary: Display: ShaderCodeLibraryPakFileMountedCallback: PakFile 'C:/Program Files/Epic Games/UE_4.27/FeaturePacks/TP_TopDown.upack' (chunk index -1, root 'root:/') mounted
[2022.04.22-09.25.41:907][  0]LogShaderLibrary: Display: ShaderCodeLibraryPakFileMountedCallback: pending pak file info (ChunkID:-1 Root:root:/ File:C:/Program Files/Epic Games/UE_4.27/FeaturePacks/TP_TopDown.upack)
[2022.04.22-09.25.41:907][  0]LogPakFile: OnPakFileMounted2Time == 0.000078
[2022.04.22-09.25.41:923][  0]LogPakFile: PakFile PrimaryIndexSize=185
[2022.04.22-09.25.41:923][  0]LogPakFile: PakFile PathHashIndexSize=101
[2022.04.22-09.25.41:923][  0]LogPakFile: PakFile FullDirectoryIndexSize=144
[2022.04.22-09.25.41:923][  0]LogShaderLibrary: Display: ShaderCodeLibraryPakFileMountedCallback: PakFile 'C:/Program Files/Epic Games/UE_4.27/FeaturePacks/TP_TopDownBP.upack' (chunk index -1, root 'root:/') mounted
[2022.04.22-09.25.41:923][  0]LogShaderLibrary: Display: ShaderCodeLibraryPakFileMountedCallback: pending pak file info (ChunkID:-1 Root:root:/ File:C:/Program Files/Epic Games/UE_4.27/FeaturePacks/TP_TopDownBP.upack)
[2022.04.22-09.25.41:923][  0]LogPakFile: OnPakFileMounted2Time == 0.000065
[2022.04.22-09.25.42:158][  0]LogPakFile: PakFile PrimaryIndexSize=185
[2022.04.22-09.25.42:158][  0]LogPakFile: PakFile PathHashIndexSize=101
[2022.04.22-09.25.42:158][  0]LogPakFile: PakFile FullDirectoryIndexSize=144
[2022.04.22-09.25.42:158][  0]LogShaderLibrary: Display: ShaderCodeLibraryPakFileMountedCallback: PakFile 'C:/Program Files/Epic Games/UE_4.27/FeaturePacks/TP_TwinStick.upack' (chunk index -1, root 'root:/') mounted
[2022.04.22-09.25.42:158][  0]LogShaderLibrary: Display: ShaderCodeLibraryPakFileMountedCallback: pending pak file info (ChunkID:-1 Root:root:/ File:C:/Program Files/Epic Games/UE_4.27/FeaturePacks/TP_TwinStick.upack)
[2022.04.22-09.25.42:158][  0]LogPakFile: OnPakFileMounted2Time == 0.000215
[2022.04.22-09.25.42:276][  0]LogPakFile: PakFile PrimaryIndexSize=187
[2022.04.22-09.25.42:276][  0]LogPakFile: PakFile PathHashIndexSize=101
[2022.04.22-09.25.42:276][  0]LogPakFile: PakFile FullDirectoryIndexSize=148
[2022.04.22-09.25.42:276][  0]LogShaderLibrary: Display: ShaderCodeLibraryPakFileMountedCallback: PakFile 'C:/Program Files/Epic Games/UE_4.27/FeaturePacks/TP_TwinStickBP.upack' (chunk index -1, root 'root:/') mounted
[2022.04.22-09.25.42:277][  0]LogShaderLibrary: Display: ShaderCodeLibraryPakFileMountedCallback: pending pak file info (ChunkID:-1 Root:root:/ File:C:/Program Files/Epic Games/UE_4.27/FeaturePacks/TP_TwinStickBP.upack)
[2022.04.22-09.25.42:277][  0]LogPakFile: OnPakFileMounted2Time == 0.000224
[2022.04.22-09.25.42:357][  0]LogPakFile: PakFile PrimaryIndexSize=183
[2022.04.22-09.25.42:357][  0]LogPakFile: PakFile PathHashIndexSize=101
[2022.04.22-09.25.42:357][  0]LogPakFile: PakFile FullDirectoryIndexSize=140
[2022.04.22-09.25.42:357][  0]LogShaderLibrary: Display: ShaderCodeLibraryPakFileMountedCallback: PakFile 'C:/Program Files/Epic Games/UE_4.27/FeaturePacks/TP_Vehicle.upack' (chunk index -1, root 'root:/') mounted
[2022.04.22-09.25.42:357][  0]LogShaderLibrary: Display: ShaderCodeLibraryPakFileMountedCallback: pending pak file info (ChunkID:-1 Root:root:/ File:C:/Program Files/Epic Games/UE_4.27/FeaturePacks/TP_Vehicle.upack)
[2022.04.22-09.25.42:357][  0]LogPakFile: OnPakFileMounted2Time == 0.000282
[2022.04.22-09.25.42:413][  0]LogPakFile: PakFile PrimaryIndexSize=186
[2022.04.22-09.25.42:413][  0]LogPakFile: PakFile PathHashIndexSize=101
[2022.04.22-09.25.42:413][  0]LogPakFile: PakFile FullDirectoryIndexSize=146
[2022.04.22-09.25.42:413][  0]LogShaderLibrary: Display: ShaderCodeLibraryPakFileMountedCallback: PakFile 'C:/Program Files/Epic Games/UE_4.27/FeaturePacks/TP_VehicleAdv.upack' (chunk index -1, root 'root:/') mounted
[2022.04.22-09.25.42:413][  0]LogShaderLibrary: Display: ShaderCodeLibraryPakFileMountedCallback: pending pak file info (ChunkID:-1 Root:root:/ File:C:/Program Files/Epic Games/UE_4.27/FeaturePacks/TP_VehicleAdv.upack)
[2022.04.22-09.25.42:413][  0]LogPakFile: OnPakFileMounted2Time == 0.000221
[2022.04.22-09.25.42:562][  0]LogPakFile: PakFile PrimaryIndexSize=188
[2022.04.22-09.25.42:562][  0]LogPakFile: PakFile PathHashIndexSize=101
[2022.04.22-09.25.42:562][  0]LogPakFile: PakFile FullDirectoryIndexSize=150
[2022.04.22-09.25.42:562][  0]LogShaderLibrary: Display: ShaderCodeLibraryPakFileMountedCallback: PakFile 'C:/Program Files/Epic Games/UE_4.27/FeaturePacks/TP_VehicleAdvBP.upack' (chunk index -1, root 'root:/') mounted
[2022.04.22-09.25.42:562][  0]LogShaderLibrary: Display: ShaderCodeLibraryPakFileMountedCallback: pending pak file info (ChunkID:-1 Root:root:/ File:C:/Program Files/Epic Games/UE_4.27/FeaturePacks/TP_VehicleAdvBP.upack)
[2022.04.22-09.25.42:563][  0]LogPakFile: OnPakFileMounted2Time == 0.000202
[2022.04.22-09.25.42:578][  0]LogPakFile: PakFile PrimaryIndexSize=185
[2022.04.22-09.25.42:578][  0]LogPakFile: PakFile PathHashIndexSize=101
[2022.04.22-09.25.42:578][  0]LogPakFile: PakFile FullDirectoryIndexSize=144
[2022.04.22-09.25.42:578][  0]LogShaderLibrary: Display: ShaderCodeLibraryPakFileMountedCallback: PakFile 'C:/Program Files/Epic Games/UE_4.27/FeaturePacks/TP_VehicleBP.upack' (chunk index -1, root 'root:/') mounted
[2022.04.22-09.25.42:578][  0]LogShaderLibrary: Display: ShaderCodeLibraryPakFileMountedCallback: pending pak file info (ChunkID:-1 Root:root:/ File:C:/Program Files/Epic Games/UE_4.27/FeaturePacks/TP_VehicleBP.upack)
[2022.04.22-09.25.42:578][  0]LogPakFile: OnPakFileMounted2Time == 0.000202
[2022.04.22-09.25.42:623][  0]LogPakFile: PakFile PrimaryIndexSize=192
[2022.04.22-09.25.42:623][  0]LogPakFile: PakFile PathHashIndexSize=101
[2022.04.22-09.25.42:623][  0]LogPakFile: PakFile FullDirectoryIndexSize=158
[2022.04.22-09.25.42:623][  0]LogShaderLibrary: Display: ShaderCodeLibraryPakFileMountedCallback: PakFile 'C:/Program Files/Epic Games/UE_4.27/FeaturePacks/TP_VirtualRealityBP.upack' (chunk index -1, root 'root:/') mounted
[2022.04.22-09.25.42:623][  0]LogShaderLibrary: Display: ShaderCodeLibraryPakFileMountedCallback: pending pak file info (ChunkID:-1 Root:root:/ File:C:/Program Files/Epic Games/UE_4.27/FeaturePacks/TP_VirtualRealityBP.upack)
[2022.04.22-09.25.42:623][  0]LogPakFile: OnPakFileMounted2Time == 0.000201
[2022.04.22-09.25.44:495][  0]LogNativeClassHierarchy: Verbose: Native class hierarchy updated for 'AddContentDialog' in 0.0010 seconds. Added 0 classes and 0 folders.
[2022.04.22-09.25.44:518][  0]LogNativeClassHierarchy: Verbose: Native class hierarchy updated for 'SceneOutliner' in 0.0008 seconds. Added 2 classes and 0 folders.
[2022.04.22-09.25.44:629][  0]LogSlate: Took 0.026677 seconds to synchronously load lazily loaded font '../../../Engine/Content/Slate/Fonts/Roboto-Regular.ttf' (155K)
[2022.04.22-09.25.44:643][  0]LogSlate: Took 0.012647 seconds to synchronously load lazily loaded font '../../../Engine/Content/Editor/Slate/Fonts/FontAwesome.ttf' (139K)
[2022.04.22-09.25.44:673][  0]LogSlate: Took 0.024712 seconds to synchronously load lazily loaded font '../../../Engine/Content/Slate/Fonts/Roboto-Bold.ttf' (160K)
[2022.04.22-09.25.44:867][  0]LogRenderer: Reallocating scene render targets to support 880x396 Format 10 NumSamples 1 (Frame:1).
[2022.04.22-09.25.45:760][  0]LogSlate: Took 0.019273 seconds to synchronously load lazily loaded font '../../../Engine/Content/Slate/Fonts/Roboto-Light.ttf' (167K)
[2022.04.22-09.25.46:166][  0]LogNativeClassHierarchy: Verbose: Native class hierarchy updated for 'HierarchicalLODOutliner' in 0.0009 seconds. Added 0 classes and 0 folders.
[2022.04.22-09.25.46:166][  0]LogLoad: (Engine Initialization) Total time: 361.70 seconds
[2022.04.22-09.25.46:166][  0]LogLoad: (Engine Initialization) Total Blueprint compile time: 0.00 seconds
[2022.04.22-09.25.46:262][  0]LogContentStreaming: Texture pool size now 1000 MB
[2022.04.22-09.25.46:525][  1]LogAssetRegistry: Asset discovery search completed in 55.1861 seconds
[2022.04.22-09.25.46:553][  1]LogCollectionManager: Fixed up redirectors for 0 collections in 0.000004 seconds (updated 0 objects)
